static const uint64_t ftqsize_array[] = {128, 64, 32, 16, 12, 8, 4, 2};

[1;34m[src/device/io/mmio.c:38,add_mmio_map] Add mmio map 'flash' at [0x0000000010000000, 0x00000000100fffff][0m
[1;34m[src/device/io/mmio.c:38,add_mmio_map] Add mmio map 'flash' at [0x0000000010000000, 0x00000000100fffff][0m
Emu compiled at Nov 23 2024, 18:32:29
Using simulated 32768B flash
[info]use ./dse-driver/build/dse_4.bin as flash bin
reset dse complete
core reset complete
The image is /nfs/home/wujiabin/work/xs-env/nexus-am/apps/coremark/build/coremark-riscv64-xs.bin
Using simulated 8192MB RAM
NemuProxy using /nfs/home/wujiabin/work/xs-env/NEMU/build/riscv64-nemu-interpreter-so
The first instruction of core 0 has commited. Difftest enabled. 
DSE reset start at pc: 100001a4
ipc: 0.016522
instrCnt: 95 cycles: 5750
DSE reset finish at pc: 100001a8, reset vector: 80000000
The image is /nfs/home/wujiabin/work/xs-env/nexus-am/apps/coremark/build/coremark-riscv64-xs.bin
Using simulated 8192MB RAM
NemuProxy using /nfs/home/wujiabin/work/xs-env/NEMU/build/riscv64-nemu-interpreter-so
The first instruction of core 0 has commited. Difftest enabled. 
Running CoreMark for 10 iterations
2K performance run parameters for coremark.
CoreMark Size    : 666
Total time (ms)  : 16836
Iterations       : 10
Compiler version : GCC15.0.0 20240611 (experimental)
seedcrc          : 0xe9f5
[0]crclist       : 0xe714
[0]crcmatrix     : 0x1fd7
[0]crcstate      : 0x8e3a
[0]crcfinal      : 0xfcaf
Finished in 16836 ms.
==================================================
CoreMark Iterations/Sec 593
[1;34m[src/device/io/mmio.c:38,add_mmio_map] Add mmio map 'flash' at [0x0000000010000000, 0x00000000100fffff][0m
[1;34m[src/device/io/mmio.c:38,add_mmio_map] Add mmio map 'flash' at [0x0000000010000000, 0x00000000100fffff][0m
Hit good trap at pc = 0x80001d18, instrCnt = 3196836, cycleCnt = 1746311
ipc: 1.830622
Core start to reset at pc = 0x80001d18
Core reset complete
The image is /nfs/home/wujiabin/work/xs-env/nexus-am/apps/coremark/build/coremark-riscv64-xs.bin
Using simulated 8192MB RAM
NemuProxy using /nfs/home/wujiabin/work/xs-env/NEMU/build/riscv64-nemu-interpreter-so
The first instruction of core 0 has commited. Difftest enabled. 
DSE reset start at pc: 100001a4
ipc: 0.016555
instrCnt: 96 cycles: 5799
DSE reset finish at pc: 100001a8, reset vector: 80000000
The image is /nfs/home/wujiabin/work/xs-env/nexus-am/apps/coremark/build/coremark-riscv64-xs.bin
Using simulated 8192MB RAM
NemuProxy using /nfs/home/wujiabin/work/xs-env/NEMU/build/riscv64-nemu-interpreter-so
The first instruction of core 0 has commited. Difftest enabled. 
Running CoreMark for 10 iterations
2K performance run parameters for coremark.
CoreMark Size    : 666
Total time (ms)  : 16967
Iterations       : 10
Compiler version : GCC15.0.0 20240611 (experimental)
seedcrc          : 0xe9f5
[0]crclist       : 0xe714
[0]crcmatrix     : 0x1fd7
[0]crcstate      : 0x8e3a
[0]crcfinal      : 0xfcaf
Finished in 16967 ms.
==================================================
CoreMark Iterations/Sec 589
[1;34m[src/device/io/mmio.c:38,add_mmio_map] Add mmio map 'flash' at [0x0000000010000000, 0x00000000100fffff][0m
[1;34m[src/device/io/mmio.c:38,add_mmio_map] Add mmio map 'flash' at [0x0000000010000000, 0x00000000100fffff][0m
Hit good trap at pc = 0x80001d18, instrCnt = 3196836, cycleCnt = 1759605
ipc: 1.816792
Core start to reset at pc = 0x80001d18
Core reset complete
The image is /nfs/home/wujiabin/work/xs-env/nexus-am/apps/coremark/build/coremark-riscv64-xs.bin
Using simulated 8192MB RAM
NemuProxy using /nfs/home/wujiabin/work/xs-env/NEMU/build/riscv64-nemu-interpreter-so
The first instruction of core 0 has commited. Difftest enabled. 
DSE reset start at pc: 100001a4
ipc: 0.016522
instrCnt: 95 cycles: 5750
DSE reset finish at pc: 100001a8, reset vector: 80000000
The image is /nfs/home/wujiabin/work/xs-env/nexus-am/apps/coremark/build/coremark-riscv64-xs.bin
Using simulated 8192MB RAM
NemuProxy using /nfs/home/wujiabin/work/xs-env/NEMU/build/riscv64-nemu-interpreter-so
The first instruction of core 0 has commited. Difftest enabled. 
Running CoreMark for 10 iterations
2K performance run parameters for coremark.
CoreMark Size    : 666
Total time (ms)  : 16832
Iterations       : 10
Compiler version : GCC15.0.0 20240611 (experimental)
seedcrc          : 0xe9f5
[0]crclist       : 0xe714
[0]crcmatrix     : 0x1fd7
[0]crcstate      : 0x8e3a
[0]crcfinal      : 0xfcaf
Finished in 16832 ms.
==================================================
CoreMark Iterations/Sec 594
[1;34m[src/device/io/mmio.c:38,add_mmio_map] Add mmio map 'flash' at [0x0000000010000000, 0x00000000100fffff][0m
[1;34m[src/device/io/mmio.c:38,add_mmio_map] Add mmio map 'flash' at [0x0000000010000000, 0x00000000100fffff][0m
Hit good trap at pc = 0x80001d18, instrCnt = 3196836, cycleCnt = 1746246
ipc: 1.830691
Core start to reset at pc = 0x80001d18
Core reset complete
The image is /nfs/home/wujiabin/work/xs-env/nexus-am/apps/coremark/build/coremark-riscv64-xs.bin
Using simulated 8192MB RAM
NemuProxy using /nfs/home/wujiabin/work/xs-env/NEMU/build/riscv64-nemu-interpreter-so
The first instruction of core 0 has commited. Difftest enabled. 
DSE reset start at pc: 100001a4
ipc: 0.016555
instrCnt: 96 cycles: 5799
DSE reset finish at pc: 100001a8, reset vector: 80000000
The image is /nfs/home/wujiabin/work/xs-env/nexus-am/apps/coremark/build/coremark-riscv64-xs.bin
Using simulated 8192MB RAM
NemuProxy using /nfs/home/wujiabin/work/xs-env/NEMU/build/riscv64-nemu-interpreter-so
The first instruction of core 0 has commited. Difftest enabled. 
Running CoreMark for 10 iterations
2K performance run parameters for coremark.
CoreMark Size    : 666
Total time (ms)  : 16824
Iterations       : 10
Compiler version : GCC15.0.0 20240611 (experimental)
seedcrc          : 0xe9f5
[0]crclist       : 0xe714
[0]crcmatrix     : 0x1fd7
[0]crcstate      : 0x8e3a
[0]crcfinal      : 0xfcaf
Finished in 16824 ms.
==================================================
CoreMark Iterations/Sec 594
[1;34m[src/device/io/mmio.c:38,add_mmio_map] Add mmio map 'flash' at [0x0000000010000000, 0x00000000100fffff][0m
[1;34m[src/device/io/mmio.c:38,add_mmio_map] Add mmio map 'flash' at [0x0000000010000000, 0x00000000100fffff][0m
Hit good trap at pc = 0x80001d18, instrCnt = 3196836, cycleCnt = 1745212
ipc: 1.831775
Core start to reset at pc = 0x80001d18
Core reset complete
The image is /nfs/home/wujiabin/work/xs-env/nexus-am/apps/coremark/build/coremark-riscv64-xs.bin
Using simulated 8192MB RAM
NemuProxy using /nfs/home/wujiabin/work/xs-env/NEMU/build/riscv64-nemu-interpreter-so
The first instruction of core 0 has commited. Difftest enabled. 
DSE reset start at pc: 100001a4
ipc: 0.016522
instrCnt: 95 cycles: 5750
DSE reset finish at pc: 100001a8, reset vector: 80000000
The image is /nfs/home/wujiabin/work/xs-env/nexus-am/apps/coremark/build/coremark-riscv64-xs.bin
Using simulated 8192MB RAM
NemuProxy using /nfs/home/wujiabin/work/xs-env/NEMU/build/riscv64-nemu-interpreter-so
The first instruction of core 0 has commited. Difftest enabled. 
Running CoreMark for 10 iterations
2K performance run parameters for coremark.
CoreMark Size    : 666
Total time (ms)  : 17068
Iterations       : 10
Compiler version : GCC15.0.0 20240611 (experimental)
seedcrc          : 0xe9f5
[0]crclist       : 0xe714
[0]crcmatrix     : 0x1fd7
[0]crcstate      : 0x8e3a
[0]crcfinal      : 0xfcaf
Finished in 17068 ms.
==================================================
CoreMark Iterations/Sec 585
[1;34m[src/device/io/mmio.c:38,add_mmio_map] Add mmio map 'flash' at [0x0000000010000000, 0x00000000100fffff][0m
[1;34m[src/device/io/mmio.c:38,add_mmio_map] Add mmio map 'flash' at [0x0000000010000000, 0x00000000100fffff][0m
Hit good trap at pc = 0x80001d18, instrCnt = 3196836, cycleCnt = 1770650
ipc: 1.805459
Core start to reset at pc = 0x80001d18
Core reset complete
The image is /nfs/home/wujiabin/work/xs-env/nexus-am/apps/coremark/build/coremark-riscv64-xs.bin
Using simulated 8192MB RAM
NemuProxy using /nfs/home/wujiabin/work/xs-env/NEMU/build/riscv64-nemu-interpreter-so
The first instruction of core 0 has commited. Difftest enabled. 
DSE reset start at pc: 100001a4
ipc: 0.016555
instrCnt: 96 cycles: 5799
DSE reset finish at pc: 100001a8, reset vector: 80000000
The image is /nfs/home/wujiabin/work/xs-env/nexus-am/apps/coremark/build/coremark-riscv64-xs.bin
Using simulated 8192MB RAM
NemuProxy using /nfs/home/wujiabin/work/xs-env/NEMU/build/riscv64-nemu-interpreter-so
The first instruction of core 0 has commited. Difftest enabled. 
Running CoreMark for 10 iterations
2K performance run parameters for coremark.
CoreMark Size    : 666
Total time (ms)  : 18606
Iterations       : 10
Compiler version : GCC15.0.0 20240611 (experimental)
seedcrc          : 0xe9f5
[0]crclist       : 0xe714
[0]crcmatrix     : 0x1fd7
[0]crcstate      : 0x8e3a
[0]crcfinal      : 0xfcaf
Finished in 18606 ms.
==================================================
CoreMark Iterations/Sec 537
[1;34m[src/device/io/mmio.c:38,add_mmio_map] Add mmio map 'flash' at [0x0000000010000000, 0x00000000100fffff][0m
[1;34m[src/device/io/mmio.c:38,add_mmio_map] Add mmio map 'flash' at [0x0000000010000000, 0x00000000100fffff][0m
Hit good trap at pc = 0x80001d18, instrCnt = 3196836, cycleCnt = 1926995
ipc: 1.658975
Core start to reset at pc = 0x80001d18
Core reset complete
The image is /nfs/home/wujiabin/work/xs-env/nexus-am/apps/coremark/build/coremark-riscv64-xs.bin
Using simulated 8192MB RAM
NemuProxy using /nfs/home/wujiabin/work/xs-env/NEMU/build/riscv64-nemu-interpreter-so
The first instruction of core 0 has commited. Difftest enabled. 
DSE reset start at pc: 100001a4
ipc: 0.016522
instrCnt: 95 cycles: 5750
DSE reset finish at pc: 100001a8, reset vector: 80000000
The image is /nfs/home/wujiabin/work/xs-env/nexus-am/apps/coremark/build/coremark-riscv64-xs.bin
Using simulated 8192MB RAM
NemuProxy using /nfs/home/wujiabin/work/xs-env/NEMU/build/riscv64-nemu-interpreter-so
The first instruction of core 0 has commited. Difftest enabled. 
Running CoreMark for 10 iterations
2K performance run parameters for coremark.
CoreMark Size    : 666
Total time (ms)  : 29453
Iterations       : 10
Compiler version : GCC15.0.0 20240611 (experimental)
seedcrc          : 0xe9f5
[0]crclist       : 0xe714
[0]crcmatrix     : 0x1fd7
[0]crcstate      : 0x8e3a
[0]crcfinal      : 0xfcaf
Finished in 29453 ms.
==================================================
CoreMark Iterations/Sec 339
[1;34m[src/device/io/mmio.c:38,add_mmio_map] Add mmio map 'flash' at [0x0000000010000000, 0x00000000100fffff][0m
[1;34m[src/device/io/mmio.c:38,add_mmio_map] Add mmio map 'flash' at [0x0000000010000000, 0x00000000100fffff][0m
Hit good trap at pc = 0x80001d18, instrCnt = 3196836, cycleCnt = 3024548
ipc: 1.056963
Core start to reset at pc = 0x80001d18
Core reset complete
The image is /nfs/home/wujiabin/work/xs-env/nexus-am/apps/coremark/build/coremark-riscv64-xs.bin
Using simulated 8192MB RAM
NemuProxy using /nfs/home/wujiabin/work/xs-env/NEMU/build/riscv64-nemu-interpreter-so
The first instruction of core 0 has commited. Difftest enabled. 
DSE reset start at pc: 100001a4
ipc: 0.016555
instrCnt: 96 cycles: 5799
DSE reset finish at pc: 100001a8, reset vector: 80000000
The image is /nfs/home/wujiabin/work/xs-env/nexus-am/apps/coremark/build/coremark-riscv64-xs.bin
Using simulated 8192MB RAM
NemuProxy using /nfs/home/wujiabin/work/xs-env/NEMU/build/riscv64-nemu-interpreter-so
The first instruction of core 0 has commited. Difftest enabled. 
Running CoreMark for 10 iterations
2K performance run parameters for coremark.
CoreMark Size    : 666
Total time (ms)  : 55603
Iterations       : 10
Compiler version : GCC15.0.0 20240611 (experimental)
seedcrc          : 0xe9f5
[0]crclist       : 0xe714
[0]crcmatrix     : 0x1fd7
[0]crcstate      : 0x8e3a
[0]crcfinal      : 0xfcaf
Finished in 55603 ms.
==================================================
CoreMark Iterations/Sec 179
[1;34m[src/device/io/mmio.c:38,add_mmio_map] Add mmio map 'flash' at [0x0000000010000000, 0x00000000100fffff][0m
[1;34m[src/device/io/mmio.c:38,add_mmio_map] Add mmio map 'flash' at [0x0000000010000000, 0x00000000100fffff][0m
Hit good trap at pc = 0x80001d18, instrCnt = 3196836, cycleCnt = 5667091
ipc: 0.564105
Core start to reset at pc = 0x80001d18
Core reset complete
The image is /nfs/home/wujiabin/work/xs-env/nexus-am/apps/coremark/build/coremark-riscv64-xs.bin
Using simulated 8192MB RAM
NemuProxy using /nfs/home/wujiabin/work/xs-env/NEMU/build/riscv64-nemu-interpreter-so
The first instruction of core 0 has commited. Difftest enabled. 
DSE reset start at pc: 100001a4
ipc: 0.017074
instrCnt: 95 cycles: 5564
DSE reset finish at pc: 100001a8, reset vector: 80000000
The image is /nfs/home/wujiabin/work/xs-env/nexus-am/apps/coremark/build/coremark-riscv64-xs.bin
Using simulated 8192MB RAM
NemuProxy using /nfs/home/wujiabin/work/xs-env/NEMU/build/riscv64-nemu-interpreter-so
The first instruction of core 0 has commited. Difftest enabled. 
Running CoreMark for 10 iterations
2K performance run parameters for coremark.
CoreMark Size    : 666
Total time (ms)  : 16836
Iterations       : 10
Compiler version : GCC15.0.0 20240611 (experimental)
seedcrc          : 0xe9f5
[0]crclist       : 0xe714
[0]crcmatrix     : 0x1fd7
[0]crcstate      : 0x8e3a
[0]crcfinal      : 0xfcaf
Finished in 16836 ms.
==================================================
CoreMark Iterations/Sec 593
[1;34m[src/device/io/mmio.c:38,add_mmio_map] Add mmio map 'flash' at [0x0000000010000000, 0x00000000100fffff][0m
[1;34m[src/device/io/mmio.c:38,add_mmio_map] Add mmio map 'flash' at [0x0000000010000000, 0x00000000100fffff][0m
Hit good trap at pc = 0x80001d18, instrCnt = 3196836, cycleCnt = 1746311
ipc: 1.830622
Core start to reset at pc = 0x80001d18
Core reset complete
The image is /nfs/home/wujiabin/work/xs-env/nexus-am/apps/coremark/build/coremark-riscv64-xs.bin
Using simulated 8192MB RAM
NemuProxy using /nfs/home/wujiabin/work/xs-env/NEMU/build/riscv64-nemu-interpreter-so
The first instruction of core 0 has commited. Difftest enabled. 
DSE reset start at pc: 100001a4
ipc: 0.016555
instrCnt: 96 cycles: 5799
DSE reset finish at pc: 100001a8, reset vector: 80000000
The image is /nfs/home/wujiabin/work/xs-env/nexus-am/apps/coremark/build/coremark-riscv64-xs.bin
Using simulated 8192MB RAM
NemuProxy using /nfs/home/wujiabin/work/xs-env/NEMU/build/riscv64-nemu-interpreter-so
The first instruction of core 0 has commited. Difftest enabled. 
Running CoreMark for 10 iterations
2K performance run parameters for coremark.
CoreMark Size    : 666
Total time (ms)  : 16967
Iterations       : 10
Compiler version : GCC15.0.0 20240611 (experimental)
seedcrc          : 0xe9f5
[0]crclist       : 0xe714
[0]crcmatrix     : 0x1fd7
[0]crcstate      : 0x8e3a
[0]crcfinal      : 0xfcaf
Finished in 16967 ms.
==================================================
CoreMark Iterations/Sec 589
[1;34m[src/device/io/mmio.c:38,add_mmio_map] Add mmio map 'flash' at [0x0000000010000000, 0x00000000100fffff][0m
[1;34m[src/device/io/mmio.c:38,add_mmio_map] Add mmio map 'flash' at [0x0000000010000000, 0x00000000100fffff][0m
Hit good trap at pc = 0x80001d18, instrCnt = 3196836, cycleCnt = 1759605
ipc: 1.816792
Core start to reset at pc = 0x80001d18
Core reset complete
The image is /nfs/home/wujiabin/work/xs-env/nexus-am/apps/coremark/build/coremark-riscv64-xs.bin
Using simulated 8192MB RAM
NemuProxy using /nfs/home/wujiabin/work/xs-env/NEMU/build/riscv64-nemu-interpreter-so
The first instruction of core 0 has commited. Difftest enabled. 
DSE reset start at pc: 100001a4
ipc: 0.016522
instrCnt: 95 cycles: 5750
DSE reset finish at pc: 100001a8, reset vector: 80000000
The image is /nfs/home/wujiabin/work/xs-env/nexus-am/apps/coremark/build/coremark-riscv64-xs.bin
Using simulated 8192MB RAM
NemuProxy using /nfs/home/wujiabin/work/xs-env/NEMU/build/riscv64-nemu-interpreter-so
The first instruction of core 0 has commited. Difftest enabled. 
Running CoreMark for 10 iterations
2K performance run parameters for coremark.
CoreMark Size    : 666
Total time (ms)  : 16832
Iterations       : 10
Compiler version : GCC15.0.0 20240611 (experimental)
seedcrc          : 0xe9f5
[0]crclist       : 0xe714
[0]crcmatrix     : 0x1fd7
[0]crcstate      : 0x8e3a
[0]crcfinal      : 0xfcaf
Finished in 16832 ms.
==================================================
CoreMark Iterations/Sec 594
[1;34m[src/device/io/mmio.c:38,add_mmio_map] Add mmio map 'flash' at [0x0000000010000000, 0x00000000100fffff][0m
[1;34m[src/device/io/mmio.c:38,add_mmio_map] Add mmio map 'flash' at [0x0000000010000000, 0x00000000100fffff][0m
Hit good trap at pc = 0x80001d18, instrCnt = 3196836, cycleCnt = 1746246
ipc: 1.830691
Core start to reset at pc = 0x80001d18
Core reset complete
The image is /nfs/home/wujiabin/work/xs-env/nexus-am/apps/coremark/build/coremark-riscv64-xs.bin
Using simulated 8192MB RAM
NemuProxy using /nfs/home/wujiabin/work/xs-env/NEMU/build/riscv64-nemu-interpreter-so
The first instruction of core 0 has commited. Difftest enabled. 
DSE reset start at pc: 100001a4
ipc: 0.016555
instrCnt: 96 cycles: 5799
DSE reset finish at pc: 100001a8, reset vector: 80000000
The image is /nfs/home/wujiabin/work/xs-env/nexus-am/apps/coremark/build/coremark-riscv64-xs.bin
Using simulated 8192MB RAM
NemuProxy using /nfs/home/wujiabin/work/xs-env/NEMU/build/riscv64-nemu-interpreter-so
The first instruction of core 0 has commited. Difftest enabled. 
Running CoreMark for 10 iterations
2K performance run parameters for coremark.
CoreMark Size    : 666
Total time (ms)  : 16824
Iterations       : 10
Compiler version : GCC15.0.0 20240611 (experimental)
seedcrc          : 0xe9f5
[0]crclist       : 0xe714
[0]crcmatrix     : 0x1fd7
[0]crcstate      : 0x8e3a
[0]crcfinal      : 0xfcaf
Finished in 16824 ms.
==================================================
CoreMark Iterations/Sec 594
[1;34m[src/device/io/mmio.c:38,add_mmio_map] Add mmio map 'flash' at [0x0000000010000000, 0x00000000100fffff][0m
[1;34m[src/device/io/mmio.c:38,add_mmio_map] Add mmio map 'flash' at [0x0000000010000000, 0x00000000100fffff][0m
Hit good trap at pc = 0x80001d18, instrCnt = 3196836, cycleCnt = 1745212
ipc: 1.831775
Core start to reset at pc = 0x80001d18
Core reset complete
The image is /nfs/home/wujiabin/work/xs-env/nexus-am/apps/coremark/build/coremark-riscv64-xs.bin
Using simulated 8192MB RAM
NemuProxy using /nfs/home/wujiabin/work/xs-env/NEMU/build/riscv64-nemu-interpreter-so
The first instruction of core 0 has commited. Difftest enabled. 
DSE reset start at pc: 100001a4
ipc: 0.016522
instrCnt: 95 cycles: 5750
DSE reset finish at pc: 100001a8, reset vector: 80000000
The image is /nfs/home/wujiabin/work/xs-env/nexus-am/apps/coremark/build/coremark-riscv64-xs.bin
Using simulated 8192MB RAM
NemuProxy using /nfs/home/wujiabin/work/xs-env/NEMU/build/riscv64-nemu-interpreter-so
The first instruction of core 0 has commited. Difftest enabled. 
Running CoreMark for 10 iterations
2K performance run parameters for coremark.
CoreMark Size    : 666
Total time (ms)  : 17068
Iterations       : 10
Compiler version : GCC15.0.0 20240611 (experimental)
seedcrc          : 0xe9f5
[0]crclist       : 0xe714
[0]crcmatrix     : 0x1fd7
[0]crcstate      : 0x8e3a
[0]crcfinal      : 0xfcaf
Finished in 17068 ms.
==================================================
CoreMark Iterations/Sec 585
[1;34m[src/device/io/mmio.c:38,add_mmio_map] Add mmio map 'flash' at [0x0000000010000000, 0x00000000100fffff][0m
[1;34m[src/device/io/mmio.c:38,add_mmio_map] Add mmio map 'flash' at [0x0000000010000000, 0x00000000100fffff][0m
Hit good trap at pc = 0x80001d18, instrCnt = 3196836, cycleCnt = 1770650
ipc: 1.805459
Core start to reset at pc = 0x80001d18
Core reset complete
The image is /nfs/home/wujiabin/work/xs-env/nexus-am/apps/coremark/build/coremark-riscv64-xs.bin
Using simulated 8192MB RAM
NemuProxy using /nfs/home/wujiabin/work/xs-env/NEMU/build/riscv64-nemu-interpreter-so
The first instruction of core 0 has commited. Difftest enabled. 
DSE reset start at pc: 100001a4
ipc: 0.016555
instrCnt: 96 cycles: 5799
DSE reset finish at pc: 100001a8, reset vector: 80000000
The image is /nfs/home/wujiabin/work/xs-env/nexus-am/apps/coremark/build/coremark-riscv64-xs.bin
Using simulated 8192MB RAM
NemuProxy using /nfs/home/wujiabin/work/xs-env/NEMU/build/riscv64-nemu-interpreter-so
The first instruction of core 0 has commited. Difftest enabled. 
Running CoreMark for 10 iterations
2K performance run parameters for coremark.
CoreMark Size    : 666
Total time (ms)  : 18606
Iterations       : 10
Compiler version : GCC15.0.0 20240611 (experimental)
seedcrc          : 0xe9f5
[0]crclist       : 0xe714
[0]crcmatrix     : 0x1fd7
[0]crcstate      : 0x8e3a
[0]crcfinal      : 0xfcaf
Finished in 18606 ms.
==================================================
CoreMark Iterations/Sec 537
[1;34m[src/device/io/mmio.c:38,add_mmio_map] Add mmio map 'flash' at [0x0000000010000000, 0x00000000100fffff][0m
[1;34m[src/device/io/mmio.c:38,add_mmio_map] Add mmio map 'flash' at [0x0000000010000000, 0x00000000100fffff][0m
Hit good trap at pc = 0x80001d18, instrCnt = 3196836, cycleCnt = 1926995
ipc: 1.658975
Core start to reset at pc = 0x80001d18
Core reset complete
The image is /nfs/home/wujiabin/work/xs-env/nexus-am/apps/coremark/build/coremark-riscv64-xs.bin
Using simulated 8192MB RAM
NemuProxy using /nfs/home/wujiabin/work/xs-env/NEMU/build/riscv64-nemu-interpreter-so
The first instruction of core 0 has commited. Difftest enabled. 
DSE reset start at pc: 100001a4
ipc: 0.016522
instrCnt: 95 cycles: 5750
DSE reset finish at pc: 100001a8, reset vector: 80000000
The image is /nfs/home/wujiabin/work/xs-env/nexus-am/apps/coremark/build/coremark-riscv64-xs.bin
Using simulated 8192MB RAM
NemuProxy using /nfs/home/wujiabin/work/xs-env/NEMU/build/riscv64-nemu-interpreter-so
The first instruction of core 0 has commited. Difftest enabled. 
Running CoreMark for 10 iterations
2K performance run parameters for coremark.
CoreMark Size    : 666
Total time (ms)  : 29453
Iterations       : 10
Compiler version : GCC15.0.0 20240611 (experimental)
seedcrc          : 0xe9f5
[0]crclist       : 0xe714
[0]crcmatrix     : 0x1fd7
[0]crcstate      : 0x8e3a
[0]crcfinal      : 0xfcaf
Finished in 29453 ms.
==================================================
CoreMark Iterations/Sec 339
[1;34m[src/device/io/mmio.c:38,add_mmio_map] Add mmio map 'flash' at [0x0000000010000000, 0x00000000100fffff][0m
[1;34m[src/device/io/mmio.c:38,add_mmio_map] Add mmio map 'flash' at [0x0000000010000000, 0x00000000100fffff][0m
Hit good trap at pc = 0x80001d18, instrCnt = 3196836, cycleCnt = 3024548
ipc: 1.056963
Core start to reset at pc = 0x80001d18
Core reset complete
The image is /nfs/home/wujiabin/work/xs-env/nexus-am/apps/coremark/build/coremark-riscv64-xs.bin
Using simulated 8192MB RAM
NemuProxy using /nfs/home/wujiabin/work/xs-env/NEMU/build/riscv64-nemu-interpreter-so
The first instruction of core 0 has commited. Difftest enabled. 
DSE reset start at pc: 100001a4
ipc: 0.016555
instrCnt: 96 cycles: 5799
DSE reset finish at pc: 100001a8, reset vector: 80000000
The image is /nfs/home/wujiabin/work/xs-env/nexus-am/apps/coremark/build/coremark-riscv64-xs.bin
Using simulated 8192MB RAM
NemuProxy using /nfs/home/wujiabin/work/xs-env/NEMU/build/riscv64-nemu-interpreter-so
The first instruction of core 0 has commited. Difftest enabled. 
Running CoreMark for 10 iterations
