static const uint64_t ibsize_array[] = {256, 128, 64, 32, 16, 12, 8, 4, 2};

[1;34m[src/device/io/mmio.c:38,add_mmio_map] Add mmio map 'flash' at [0x0000000010000000, 0x00000000100fffff][0m
[1;34m[src/device/io/mmio.c:38,add_mmio_map] Add mmio map 'flash' at [0x0000000010000000, 0x00000000100fffff][0m
Emu compiled at Nov 23 2024, 18:32:29
Using simulated 32768B flash
[info]use ./dse-driver/build/dse_5.bin as flash bin
reset dse complete
core reset complete
The image is /nfs/home/wujiabin/work/xs-env/nexus-am/apps/coremark/build/coremark-riscv64-xs.bin
Using simulated 8192MB RAM
NemuProxy using /nfs/home/wujiabin/work/xs-env/NEMU/build/riscv64-nemu-interpreter-so
The first instruction of core 0 has commited. Difftest enabled. 
DSE reset start at pc: 100001cc
ipc: 0.016591
instrCnt: 102 cycles: 6148
DSE reset finish at pc: 100001d0, reset vector: 80000000
The image is /nfs/home/wujiabin/work/xs-env/nexus-am/apps/coremark/build/coremark-riscv64-xs.bin
Using simulated 8192MB RAM
NemuProxy using /nfs/home/wujiabin/work/xs-env/NEMU/build/riscv64-nemu-interpreter-so
The first instruction of core 0 has commited. Difftest enabled. 
Running CoreMark for 10 iterations
2K performance run parameters for coremark.
CoreMark Size    : 666
Total time (ms)  : 16864
Iterations       : 10
Compiler version : GCC15.0.0 20240611 (experimental)
seedcrc          : 0xe9f5
[0]crclist       : 0xe714
[0]crcmatrix     : 0x1fd7
[0]crcstate      : 0x8e3a
[0]crcfinal      : 0xfcaf
Finished in 16864 ms.
==================================================
CoreMark Iterations/Sec 592
[1;34m[src/device/io/mmio.c:38,add_mmio_map] Add mmio map 'flash' at [0x0000000010000000, 0x00000000100fffff][0m
[1;34m[src/device/io/mmio.c:38,add_mmio_map] Add mmio map 'flash' at [0x0000000010000000, 0x00000000100fffff][0m
Hit good trap at pc = 0x80001d18, instrCnt = 3196836, cycleCnt = 1749519
ipc: 1.827266
Core start to reset at pc = 0x80001d18
Core reset complete
The image is /nfs/home/wujiabin/work/xs-env/nexus-am/apps/coremark/build/coremark-riscv64-xs.bin
Using simulated 8192MB RAM
NemuProxy using /nfs/home/wujiabin/work/xs-env/NEMU/build/riscv64-nemu-interpreter-so
The first instruction of core 0 has commited. Difftest enabled. 
DSE reset start at pc: 100001cc
ipc: 0.016621
instrCnt: 103 cycles: 6197
DSE reset finish at pc: 100001d0, reset vector: 80000000
The image is /nfs/home/wujiabin/work/xs-env/nexus-am/apps/coremark/build/coremark-riscv64-xs.bin
Using simulated 8192MB RAM
NemuProxy using /nfs/home/wujiabin/work/xs-env/NEMU/build/riscv64-nemu-interpreter-so
The first instruction of core 0 has commited. Difftest enabled. 
Running CoreMark for 10 iterations
2K performance run parameters for coremark.
CoreMark Size    : 666
Total time (ms)  : 16864
Iterations       : 10
Compiler version : GCC15.0.0 20240611 (experimental)
seedcrc          : 0xe9f5
[0]crclist       : 0xe714
[0]crcmatrix     : 0x1fd7
[0]crcstate      : 0x8e3a
[0]crcfinal      : 0xfcaf
Finished in 16864 ms.
==================================================
CoreMark Iterations/Sec 592
[1;34m[src/device/io/mmio.c:38,add_mmio_map] Add mmio map 'flash' at [0x0000000010000000, 0x00000000100fffff][0m
[1;34m[src/device/io/mmio.c:38,add_mmio_map] Add mmio map 'flash' at [0x0000000010000000, 0x00000000100fffff][0m
Hit good trap at pc = 0x80001d18, instrCnt = 3196836, cycleCnt = 1749519
ipc: 1.827266
Core start to reset at pc = 0x80001d18
Core reset complete
The image is /nfs/home/wujiabin/work/xs-env/nexus-am/apps/coremark/build/coremark-riscv64-xs.bin
Using simulated 8192MB RAM
NemuProxy using /nfs/home/wujiabin/work/xs-env/NEMU/build/riscv64-nemu-interpreter-so
The first instruction of core 0 has commited. Difftest enabled. 
DSE reset start at pc: 100001cc
ipc: 0.016591
instrCnt: 102 cycles: 6148
DSE reset finish at pc: 100001d0, reset vector: 80000000
The image is /nfs/home/wujiabin/work/xs-env/nexus-am/apps/coremark/build/coremark-riscv64-xs.bin
Using simulated 8192MB RAM
NemuProxy using /nfs/home/wujiabin/work/xs-env/NEMU/build/riscv64-nemu-interpreter-so
The first instruction of core 0 has commited. Difftest enabled. 
Running CoreMark for 10 iterations
2K performance run parameters for coremark.
CoreMark Size    : 666
Total time (ms)  : 16856
Iterations       : 10
Compiler version : GCC15.0.0 20240611 (experimental)
seedcrc          : 0xe9f5
[0]crclist       : 0xe714
[0]crcmatrix     : 0x1fd7
[0]crcstate      : 0x8e3a
[0]crcfinal      : 0xfcaf
Finished in 16856 ms.
==================================================
CoreMark Iterations/Sec 593
[1;34m[src/device/io/mmio.c:38,add_mmio_map] Add mmio map 'flash' at [0x0000000010000000, 0x00000000100fffff][0m
[1;34m[src/device/io/mmio.c:38,add_mmio_map] Add mmio map 'flash' at [0x0000000010000000, 0x00000000100fffff][0m
Hit good trap at pc = 0x80001d18, instrCnt = 3196836, cycleCnt = 1748691
ipc: 1.828131
Core start to reset at pc = 0x80001d18
Core reset complete
The image is /nfs/home/wujiabin/work/xs-env/nexus-am/apps/coremark/build/coremark-riscv64-xs.bin
Using simulated 8192MB RAM
NemuProxy using /nfs/home/wujiabin/work/xs-env/NEMU/build/riscv64-nemu-interpreter-so
The first instruction of core 0 has commited. Difftest enabled. 
DSE reset start at pc: 100001cc
ipc: 0.016621
instrCnt: 103 cycles: 6197
DSE reset finish at pc: 100001d0, reset vector: 80000000
The image is /nfs/home/wujiabin/work/xs-env/nexus-am/apps/coremark/build/coremark-riscv64-xs.bin
Using simulated 8192MB RAM
NemuProxy using /nfs/home/wujiabin/work/xs-env/NEMU/build/riscv64-nemu-interpreter-so
The first instruction of core 0 has commited. Difftest enabled. 
Running CoreMark for 10 iterations
2K performance run parameters for coremark.
CoreMark Size    : 666
Total time (ms)  : 16824
Iterations       : 10
Compiler version : GCC15.0.0 20240611 (experimental)
seedcrc          : 0xe9f5
[0]crclist       : 0xe714
[0]crcmatrix     : 0x1fd7
[0]crcstate      : 0x8e3a
[0]crcfinal      : 0xfcaf
Finished in 16824 ms.
==================================================
CoreMark Iterations/Sec 594
[1;34m[src/device/io/mmio.c:38,add_mmio_map] Add mmio map 'flash' at [0x0000000010000000, 0x00000000100fffff][0m
[1;34m[src/device/io/mmio.c:38,add_mmio_map] Add mmio map 'flash' at [0x0000000010000000, 0x00000000100fffff][0m
Hit good trap at pc = 0x80001d18, instrCnt = 3196836, cycleCnt = 1745212
ipc: 1.831775
Core start to reset at pc = 0x80001d18
Core reset complete
The image is /nfs/home/wujiabin/work/xs-env/nexus-am/apps/coremark/build/coremark-riscv64-xs.bin
Using simulated 8192MB RAM
NemuProxy using /nfs/home/wujiabin/work/xs-env/NEMU/build/riscv64-nemu-interpreter-so
The first instruction of core 0 has commited. Difftest enabled. 
DSE reset start at pc: 100001cc
ipc: 0.016591
instrCnt: 102 cycles: 6148
DSE reset finish at pc: 100001d0, reset vector: 80000000
The image is /nfs/home/wujiabin/work/xs-env/nexus-am/apps/coremark/build/coremark-riscv64-xs.bin
Using simulated 8192MB RAM
NemuProxy using /nfs/home/wujiabin/work/xs-env/NEMU/build/riscv64-nemu-interpreter-so
The first instruction of core 0 has commited. Difftest enabled. 
Running CoreMark for 10 iterations
2K performance run parameters for coremark.
CoreMark Size    : 666
Total time (ms)  : 17830
Iterations       : 10
Compiler version : GCC15.0.0 20240611 (experimental)
seedcrc          : 0xe9f5
[0]crclist       : 0xe714
[0]crcmatrix     : 0x1fd7
[0]crcstate      : 0x8e3a
[0]crcfinal      : 0xfcaf
Finished in 17830 ms.
==================================================
CoreMark Iterations/Sec 560
[1;34m[src/device/io/mmio.c:38,add_mmio_map] Add mmio map 'flash' at [0x0000000010000000, 0x00000000100fffff][0m
[1;34m[src/device/io/mmio.c:38,add_mmio_map] Add mmio map 'flash' at [0x0000000010000000, 0x00000000100fffff][0m
Hit good trap at pc = 0x80001d18, instrCnt = 3196836, cycleCnt = 1847421
ipc: 1.730432
Core start to reset at pc = 0x80001d18
Core reset complete
The image is /nfs/home/wujiabin/work/xs-env/nexus-am/apps/coremark/build/coremark-riscv64-xs.bin
Using simulated 8192MB RAM
NemuProxy using /nfs/home/wujiabin/work/xs-env/NEMU/build/riscv64-nemu-interpreter-so
The first instruction of core 0 has commited. Difftest enabled. 
DSE reset start at pc: 100001cc
ipc: 0.016621
instrCnt: 103 cycles: 6197
DSE reset finish at pc: 100001d0, reset vector: 80000000
The image is /nfs/home/wujiabin/work/xs-env/nexus-am/apps/coremark/build/coremark-riscv64-xs.bin
Using simulated 8192MB RAM
NemuProxy using /nfs/home/wujiabin/work/xs-env/NEMU/build/riscv64-nemu-interpreter-so
The first instruction of core 0 has commited. Difftest enabled. 
Running CoreMark for 10 iterations
2K performance run parameters for coremark.
CoreMark Size    : 666
Total time (ms)  : 16864
Iterations       : 10
Compiler version : GCC15.0.0 20240611 (experimental)
seedcrc          : 0xe9f5
[0]crclist       : 0xe714
[0]crcmatrix     : 0x1fd7
[0]crcstate      : 0x8e3a
[0]crcfinal      : 0xfcaf
Finished in 16864 ms.
==================================================
CoreMark Iterations/Sec 592
[1;34m[src/device/io/mmio.c:38,add_mmio_map] Add mmio map 'flash' at [0x0000000010000000, 0x00000000100fffff][0m
[1;34m[src/device/io/mmio.c:38,add_mmio_map] Add mmio map 'flash' at [0x0000000010000000, 0x00000000100fffff][0m
Hit good trap at pc = 0x80001d18, instrCnt = 3196836, cycleCnt = 1749519
ipc: 1.827266
Core start to reset at pc = 0x80001d18
Core reset complete
The image is /nfs/home/wujiabin/work/xs-env/nexus-am/apps/coremark/build/coremark-riscv64-xs.bin
Using simulated 8192MB RAM
NemuProxy using /nfs/home/wujiabin/work/xs-env/NEMU/build/riscv64-nemu-interpreter-so
The first instruction of core 0 has commited. Difftest enabled. 
DSE reset start at pc: 100001cc
ipc: 0.016591
instrCnt: 102 cycles: 6148
DSE reset finish at pc: 100001d0, reset vector: 80000000
The image is /nfs/home/wujiabin/work/xs-env/nexus-am/apps/coremark/build/coremark-riscv64-xs.bin
Using simulated 8192MB RAM
NemuProxy using /nfs/home/wujiabin/work/xs-env/NEMU/build/riscv64-nemu-interpreter-so
The first instruction of core 0 has commited. Difftest enabled. 
Running CoreMark for 10 iterations
2K performance run parameters for coremark.
CoreMark Size    : 666
Total time (ms)  : 16864
Iterations       : 10
Compiler version : GCC15.0.0 20240611 (experimental)
seedcrc          : 0xe9f5
[0]crclist       : 0xe714
[0]crcmatrix     : 0x1fd7
[0]crcstate      : 0x8e3a
[0]crcfinal      : 0xfcaf
Finished in 16864 ms.
==================================================
CoreMark Iterations/Sec 592
[1;34m[src/device/io/mmio.c:38,add_mmio_map] Add mmio map 'flash' at [0x0000000010000000, 0x00000000100fffff][0m
[1;34m[src/device/io/mmio.c:38,add_mmio_map] Add mmio map 'flash' at [0x0000000010000000, 0x00000000100fffff][0m
Hit good trap at pc = 0x80001d18, instrCnt = 3196836, cycleCnt = 1749519
ipc: 1.827266
Core start to reset at pc = 0x80001d18
Core reset complete
The image is /nfs/home/wujiabin/work/xs-env/nexus-am/apps/coremark/build/coremark-riscv64-xs.bin
Using simulated 8192MB RAM
NemuProxy using /nfs/home/wujiabin/work/xs-env/NEMU/build/riscv64-nemu-interpreter-so
The first instruction of core 0 has commited. Difftest enabled. 
DSE reset start at pc: 100001cc
ipc: 0.016621
instrCnt: 103 cycles: 6197
DSE reset finish at pc: 100001d0, reset vector: 80000000
The image is /nfs/home/wujiabin/work/xs-env/nexus-am/apps/coremark/build/coremark-riscv64-xs.bin
Using simulated 8192MB RAM
NemuProxy using /nfs/home/wujiabin/work/xs-env/NEMU/build/riscv64-nemu-interpreter-so
The first instruction of core 0 has commited. Difftest enabled. 
Running CoreMark for 10 iterations
2K performance run parameters for coremark.
CoreMark Size    : 666
Total time (ms)  : 16864
Iterations       : 10
Compiler version : GCC15.0.0 20240611 (experimental)
seedcrc          : 0xe9f5
[0]crclist       : 0xe714
[0]crcmatrix     : 0x1fd7
[0]crcstate      : 0x8e3a
[0]crcfinal      : 0xfcaf
Finished in 16864 ms.
==================================================
CoreMark Iterations/Sec 592
[1;34m[src/device/io/mmio.c:38,add_mmio_map] Add mmio map 'flash' at [0x0000000010000000, 0x00000000100fffff][0m
[1;34m[src/device/io/mmio.c:38,add_mmio_map] Add mmio map 'flash' at [0x0000000010000000, 0x00000000100fffff][0m
Hit good trap at pc = 0x80001d18, instrCnt = 3196836, cycleCnt = 1749519
ipc: 1.827266
Core start to reset at pc = 0x80001d18
Core reset complete
The image is /nfs/home/wujiabin/work/xs-env/nexus-am/apps/coremark/build/coremark-riscv64-xs.bin
Using simulated 8192MB RAM
NemuProxy using /nfs/home/wujiabin/work/xs-env/NEMU/build/riscv64-nemu-interpreter-so
The first instruction of core 0 has commited. Difftest enabled. 
DSE reset start at pc: 100001cc
ipc: 0.016591
instrCnt: 102 cycles: 6148
DSE reset finish at pc: 100001d0, reset vector: 80000000
The image is /nfs/home/wujiabin/work/xs-env/nexus-am/apps/coremark/build/coremark-riscv64-xs.bin
Using simulated 8192MB RAM
NemuProxy using /nfs/home/wujiabin/work/xs-env/NEMU/build/riscv64-nemu-interpreter-so
The first instruction of core 0 has commited. Difftest enabled. 
Running CoreMark for 10 iterations
2K performance run parameters for coremark.
CoreMark Size    : 666
Total time (ms)  : 16864
Iterations       : 10
Compiler version : GCC15.0.0 20240611 (experimental)
seedcrc          : 0xe9f5
[0]crclist       : 0xe714
[0]crcmatrix     : 0x1fd7
[0]crcstate      : 0x8e3a
[0]crcfinal      : 0xfcaf
Finished in 16864 ms.
==================================================
CoreMark Iterations/Sec 592
[1;34m[src/device/io/mmio.c:38,add_mmio_map] Add mmio map 'flash' at [0x0000000010000000, 0x00000000100fffff][0m
[1;34m[src/device/io/mmio.c:38,add_mmio_map] Add mmio map 'flash' at [0x0000000010000000, 0x00000000100fffff][0m
Hit good trap at pc = 0x80001d18, instrCnt = 3196836, cycleCnt = 1749519
ipc: 1.827266
Core start to reset at pc = 0x80001d18
Core reset complete
The image is /nfs/home/wujiabin/work/xs-env/nexus-am/apps/coremark/build/coremark-riscv64-xs.bin
Using simulated 8192MB RAM
NemuProxy using /nfs/home/wujiabin/work/xs-env/NEMU/build/riscv64-nemu-interpreter-so
The first instruction of core 0 has commited. Difftest enabled. 
DSE reset start at pc: 100001cc
ipc: 0.016621
instrCnt: 103 cycles: 6197
DSE reset finish at pc: 100001d0, reset vector: 80000000
The image is /nfs/home/wujiabin/work/xs-env/nexus-am/apps/coremark/build/coremark-riscv64-xs.bin
Using simulated 8192MB RAM
NemuProxy using /nfs/home/wujiabin/work/xs-env/NEMU/build/riscv64-nemu-interpreter-so
The first instruction of core 0 has commited. Difftest enabled. 
Running CoreMark for 10 iterations
2K performance run parameters for coremark.
CoreMark Size    : 666
Total time (ms)  : 16864
Iterations       : 10
Compiler version : GCC15.0.0 20240611 (experimental)
seedcrc          : 0xe9f5
[0]crclist       : 0xe714
[0]crcmatrix     : 0x1fd7
[0]crcstate      : 0x8e3a
[0]crcfinal      : 0xfcaf
Finished in 16864 ms.
==================================================
CoreMark Iterations/Sec 592
[1;34m[src/device/io/mmio.c:38,add_mmio_map] Add mmio map 'flash' at [0x0000000010000000, 0x00000000100fffff][0m
[1;34m[src/device/io/mmio.c:38,add_mmio_map] Add mmio map 'flash' at [0x0000000010000000, 0x00000000100fffff][0m
Hit good trap at pc = 0x80001d18, instrCnt = 3196836, cycleCnt = 1749519
ipc: 1.827266
Core start to reset at pc = 0x80001d18
Core reset complete
The image is /nfs/home/wujiabin/work/xs-env/nexus-am/apps/coremark/build/coremark-riscv64-xs.bin
Using simulated 8192MB RAM
NemuProxy using /nfs/home/wujiabin/work/xs-env/NEMU/build/riscv64-nemu-interpreter-so
The first instruction of core 0 has commited. Difftest enabled. 
DSE reset start at pc: 100001cc
ipc: 0.016591
instrCnt: 102 cycles: 6148
DSE reset finish at pc: 100001d0, reset vector: 80000000
The image is /nfs/home/wujiabin/work/xs-env/nexus-am/apps/coremark/build/coremark-riscv64-xs.bin
Using simulated 8192MB RAM
NemuProxy using /nfs/home/wujiabin/work/xs-env/NEMU/build/riscv64-nemu-interpreter-so
The first instruction of core 0 has commited. Difftest enabled. 
Running CoreMark for 10 iterations
2K performance run parameters for coremark.
CoreMark Size    : 666
Total time (ms)  : 16864
Iterations       : 10
Compiler version : GCC15.0.0 20240611 (experimental)
seedcrc          : 0xe9f5
[0]crclist       : 0xe714
[0]crcmatrix     : 0x1fd7
[0]crcstate      : 0x8e3a
[0]crcfinal      : 0xfcaf
Finished in 16864 ms.
==================================================
CoreMark Iterations/Sec 592
[1;34m[src/device/io/mmio.c:38,add_mmio_map] Add mmio map 'flash' at [0x0000000010000000, 0x00000000100fffff][0m
[1;34m[src/device/io/mmio.c:38,add_mmio_map] Add mmio map 'flash' at [0x0000000010000000, 0x00000000100fffff][0m
Hit good trap at pc = 0x80001d18, instrCnt = 3196836, cycleCnt = 1749519
ipc: 1.827266
Core start to reset at pc = 0x80001d18
Core reset complete
The image is /nfs/home/wujiabin/work/xs-env/nexus-am/apps/coremark/build/coremark-riscv64-xs.bin
Using simulated 8192MB RAM
NemuProxy using /nfs/home/wujiabin/work/xs-env/NEMU/build/riscv64-nemu-interpreter-so
The first instruction of core 0 has commited. Difftest enabled. 
DSE reset start at pc: 100001cc
ipc: 0.016621
instrCnt: 103 cycles: 6197
DSE reset finish at pc: 100001d0, reset vector: 80000000
The image is /nfs/home/wujiabin/work/xs-env/nexus-am/apps/coremark/build/coremark-riscv64-xs.bin
Using simulated 8192MB RAM
NemuProxy using /nfs/home/wujiabin/work/xs-env/NEMU/build/riscv64-nemu-interpreter-so
The first instruction of core 0 has commited. Difftest enabled. 
Running CoreMark for 10 iterations
2K performance run parameters for coremark.
CoreMark Size    : 666
Total time (ms)  : 16856
Iterations       : 10
Compiler version : GCC15.0.0 20240611 (experimental)
seedcrc          : 0xe9f5
[0]crclist       : 0xe714
[0]crcmatrix     : 0x1fd7
[0]crcstate      : 0x8e3a
[0]crcfinal      : 0xfcaf
Finished in 16856 ms.
==================================================
CoreMark Iterations/Sec 593
[1;34m[src/device/io/mmio.c:38,add_mmio_map] Add mmio map 'flash' at [0x0000000010000000, 0x00000000100fffff][0m
[1;34m[src/device/io/mmio.c:38,add_mmio_map] Add mmio map 'flash' at [0x0000000010000000, 0x00000000100fffff][0m
Hit good trap at pc = 0x80001d18, instrCnt = 3196836, cycleCnt = 1748691
ipc: 1.828131
Core start to reset at pc = 0x80001d18
Core reset complete
The image is /nfs/home/wujiabin/work/xs-env/nexus-am/apps/coremark/build/coremark-riscv64-xs.bin
Using simulated 8192MB RAM
NemuProxy using /nfs/home/wujiabin/work/xs-env/NEMU/build/riscv64-nemu-interpreter-so
The first instruction of core 0 has commited. Difftest enabled. 
DSE reset start at pc: 100001cc
ipc: 0.016591
instrCnt: 102 cycles: 6148
DSE reset finish at pc: 100001d0, reset vector: 80000000
The image is /nfs/home/wujiabin/work/xs-env/nexus-am/apps/coremark/build/coremark-riscv64-xs.bin
Using simulated 8192MB RAM
NemuProxy using /nfs/home/wujiabin/work/xs-env/NEMU/build/riscv64-nemu-interpreter-so
The first instruction of core 0 has commited. Difftest enabled. 
Running CoreMark for 10 iterations
2K performance run parameters for coremark.
CoreMark Size    : 666
Total time (ms)  : 16824
Iterations       : 10
Compiler version : GCC15.0.0 20240611 (experimental)
seedcrc          : 0xe9f5
[0]crclist       : 0xe714
[0]crcmatrix     : 0x1fd7
[0]crcstate      : 0x8e3a
[0]crcfinal      : 0xfcaf
Finished in 16824 ms.
==================================================
CoreMark Iterations/Sec 594
[1;34m[src/device/io/mmio.c:38,add_mmio_map] Add mmio map 'flash' at [0x0000000010000000, 0x00000000100fffff][0m
[1;34m[src/device/io/mmio.c:38,add_mmio_map] Add mmio map 'flash' at [0x0000000010000000, 0x00000000100fffff][0m
Hit good trap at pc = 0x80001d18, instrCnt = 3196836, cycleCnt = 1745212
ipc: 1.831775
Core start to reset at pc = 0x80001d18
Core reset complete
The image is /nfs/home/wujiabin/work/xs-env/nexus-am/apps/coremark/build/coremark-riscv64-xs.bin
Using simulated 8192MB RAM
NemuProxy using /nfs/home/wujiabin/work/xs-env/NEMU/build/riscv64-nemu-interpreter-so
The first instruction of core 0 has commited. Difftest enabled. 
DSE reset start at pc: 100001cc
ipc: 0.016621
instrCnt: 103 cycles: 6197
DSE reset finish at pc: 100001d0, reset vector: 80000000
The image is /nfs/home/wujiabin/work/xs-env/nexus-am/apps/coremark/build/coremark-riscv64-xs.bin
Using simulated 8192MB RAM
NemuProxy using /nfs/home/wujiabin/work/xs-env/NEMU/build/riscv64-nemu-interpreter-so
The first instruction of core 0 has commited. Difftest enabled. 
Running CoreMark for 10 iterations
2K performance run parameters for coremark.
CoreMark Size    : 666
Total time (ms)  : 17830
Iterations       : 10
Compiler version : GCC15.0.0 20240611 (experimental)
seedcrc          : 0xe9f5
[0]crclist       : 0xe714
[0]crcmatrix     : 0x1fd7
[0]crcstate      : 0x8e3a
[0]crcfinal      : 0xfcaf
Finished in 17830 ms.
==================================================
CoreMark Iterations/Sec 560
[1;34m[src/device/io/mmio.c:38,add_mmio_map] Add mmio map 'flash' at [0x0000000010000000, 0x00000000100fffff][0m
[1;34m[src/device/io/mmio.c:38,add_mmio_map] Add mmio map 'flash' at [0x0000000010000000, 0x00000000100fffff][0m
Hit good trap at pc = 0x80001d18, instrCnt = 3196836, cycleCnt = 1847421
ipc: 1.730432
Core start to reset at pc = 0x80001d18
Core reset complete
The image is /nfs/home/wujiabin/work/xs-env/nexus-am/apps/coremark/build/coremark-riscv64-xs.bin
Using simulated 8192MB RAM
NemuProxy using /nfs/home/wujiabin/work/xs-env/NEMU/build/riscv64-nemu-interpreter-so
The first instruction of core 0 has commited. Difftest enabled. 
DSE reset start at pc: 100001cc
ipc: 0.016591
instrCnt: 102 cycles: 6148
DSE reset finish at pc: 100001d0, reset vector: 80000000
The image is /nfs/home/wujiabin/work/xs-env/nexus-am/apps/coremark/build/coremark-riscv64-xs.bin
Using simulated 8192MB RAM
NemuProxy using /nfs/home/wujiabin/work/xs-env/NEMU/build/riscv64-nemu-interpreter-so
The first instruction of core 0 has commited. Difftest enabled. 
Running CoreMark for 10 iterations
2K performance run parameters for coremark.
CoreMark Size    : 666
Total time (ms)  : 16864
Iterations       : 10
Compiler version : GCC15.0.0 20240611 (experimental)
seedcrc          : 0xe9f5
[0]crclist       : 0xe714
[0]crcmatrix     : 0x1fd7
[0]crcstate      : 0x8e3a
[0]crcfinal      : 0xfcaf
Finished in 16864 ms.
==================================================
CoreMark Iterations/Sec 592
[1;34m[src/device/io/mmio.c:38,add_mmio_map] Add mmio map 'flash' at [0x0000000010000000, 0x00000000100fffff][0m
[1;34m[src/device/io/mmio.c:38,add_mmio_map] Add mmio map 'flash' at [0x0000000010000000, 0x00000000100fffff][0m
Hit good trap at pc = 0x80001d18, instrCnt = 3196836, cycleCnt = 1749519
ipc: 1.827266
Core start to reset at pc = 0x80001d18
Core reset complete
The image is /nfs/home/wujiabin/work/xs-env/nexus-am/apps/coremark/build/coremark-riscv64-xs.bin
Using simulated 8192MB RAM
NemuProxy using /nfs/home/wujiabin/work/xs-env/NEMU/build/riscv64-nemu-interpreter-so
The first instruction of core 0 has commited. Difftest enabled. 
DSE reset start at pc: 100001cc
ipc: 0.016621
instrCnt: 103 cycles: 6197
DSE reset finish at pc: 100001d0, reset vector: 80000000
The image is /nfs/home/wujiabin/work/xs-env/nexus-am/apps/coremark/build/coremark-riscv64-xs.bin
Using simulated 8192MB RAM
NemuProxy using /nfs/home/wujiabin/work/xs-env/NEMU/build/riscv64-nemu-interpreter-so
The first instruction of core 0 has commited. Difftest enabled. 
Running CoreMark for 10 iterations
2K performance run parameters for coremark.
CoreMark Size    : 666
Total time (ms)  : 16864
Iterations       : 10
Compiler version : GCC15.0.0 20240611 (experimental)
seedcrc          : 0xe9f5
[0]crclist       : 0xe714
[0]crcmatrix     : 0x1fd7
[0]crcstate      : 0x8e3a
[0]crcfinal      : 0xfcaf
Finished in 16864 ms.
==================================================
CoreMark Iterations/Sec 592
[1;34m[src/device/io/mmio.c:38,add_mmio_map] Add mmio map 'flash' at [0x0000000010000000, 0x00000000100fffff][0m
[1;34m[src/device/io/mmio.c:38,add_mmio_map] Add mmio map 'flash' at [0x0000000010000000, 0x00000000100fffff][0m
Hit good trap at pc = 0x80001d18, instrCnt = 3196836, cycleCnt = 1749519
ipc: 1.827266
Core start to reset at pc = 0x80001d18
Core reset complete
The image is /nfs/home/wujiabin/work/xs-env/nexus-am/apps/coremark/build/coremark-riscv64-xs.bin
Using simulated 8192MB RAM
NemuProxy using /nfs/home/wujiabin/work/xs-env/NEMU/build/riscv64-nemu-interpreter-so
The first instruction of core 0 has commited. Difftest enabled. 
DSE reset start at pc: 100001cc
ipc: 0.016591
instrCnt: 102 cycles: 6148
DSE reset finish at pc: 100001d0, reset vector: 80000000
The image is /nfs/home/wujiabin/work/xs-env/nexus-am/apps/coremark/build/coremark-riscv64-xs.bin
Using simulated 8192MB RAM
NemuProxy using /nfs/home/wujiabin/work/xs-env/NEMU/build/riscv64-nemu-interpreter-so
The first instruction of core 0 has commited. Difftest enabled. 
Running CoreMark for 10 iterations
2K performance run parameters for coremark.
CoreMark Size    : 666
Total time (ms)  : 16864
Iterations       : 10
Compiler version : GCC15.0.0 20240611 (experimental)
seedcrc          : 0xe9f5
[0]crclist       : 0xe714
[0]crcmatrix     : 0x1fd7
[0]crcstate      : 0x8e3a
[0]crcfinal      : 0xfcaf
Finished in 16864 ms.
==================================================
CoreMark Iterations/Sec 592
[1;34m[src/device/io/mmio.c:38,add_mmio_map] Add mmio map 'flash' at [0x0000000010000000, 0x00000000100fffff][0m
[1;34m[src/device/io/mmio.c:38,add_mmio_map] Add mmio map 'flash' at [0x0000000010000000, 0x00000000100fffff][0m
Hit good trap at pc = 0x80001d18, instrCnt = 3196836, cycleCnt = 1749519
ipc: 1.827266
Core start to reset at pc = 0x80001d18
Core reset complete
The image is /nfs/home/wujiabin/work/xs-env/nexus-am/apps/coremark/build/coremark-riscv64-xs.bin
Using simulated 8192MB RAM
NemuProxy using /nfs/home/wujiabin/work/xs-env/NEMU/build/riscv64-nemu-interpreter-so
The first instruction of core 0 has commited. Difftest enabled. 
DSE reset start at pc: 100001cc
ipc: 0.016621
instrCnt: 103 cycles: 6197
DSE reset finish at pc: 100001d0, reset vector: 80000000
The image is /nfs/home/wujiabin/work/xs-env/nexus-am/apps/coremark/build/coremark-riscv64-xs.bin
Using simulated 8192MB RAM
NemuProxy using /nfs/home/wujiabin/work/xs-env/NEMU/build/riscv64-nemu-interpreter-so
The first instruction of core 0 has commited. Difftest enabled. 
Running CoreMark for 10 iterations
2K performance run parameters for coremark.
CoreMark Size    : 666
Total time (ms)  : 16864
Iterations       : 10
Compiler version : GCC15.0.0 20240611 (experimental)
seedcrc          : 0xe9f5
[0]crclist       : 0xe714
[0]crcmatrix     : 0x1fd7
[0]crcstate      : 0x8e3a
[0]crcfinal      : 0xfcaf
Finished in 16864 ms.
==================================================
CoreMark Iterations/Sec 592
[1;34m[src/device/io/mmio.c:38,add_mmio_map] Add mmio map 'flash' at [0x0000000010000000, 0x00000000100fffff][0m
[1;34m[src/device/io/mmio.c:38,add_mmio_map] Add mmio map 'flash' at [0x0000000010000000, 0x00000000100fffff][0m
Hit good trap at pc = 0x80001d18, instrCnt = 3196836, cycleCnt = 1749519
ipc: 1.827266
Core start to reset at pc = 0x80001d18
Core reset complete
The image is /nfs/home/wujiabin/work/xs-env/nexus-am/apps/coremark/build/coremark-riscv64-xs.bin
Using simulated 8192MB RAM
NemuProxy using /nfs/home/wujiabin/work/xs-env/NEMU/build/riscv64-nemu-interpreter-so
The first instruction of core 0 has commited. Difftest enabled. 
DSE reset start at pc: 100001cc
ipc: 0.016591
instrCnt: 102 cycles: 6148
DSE reset finish at pc: 100001d0, reset vector: 80000000
The image is /nfs/home/wujiabin/work/xs-env/nexus-am/apps/coremark/build/coremark-riscv64-xs.bin
Using simulated 8192MB RAM
NemuProxy using /nfs/home/wujiabin/work/xs-env/NEMU/build/riscv64-nemu-interpreter-so
The first instruction of core 0 has commited. Difftest enabled. 
Running CoreMark for 10 iterations
2K performance run parameters for coremark.
CoreMark Size    : 666
Total time (ms)  : 16864
Iterations       : 10
Compiler version : GCC15.0.0 20240611 (experimental)
seedcrc          : 0xe9f5
[0]crclist       : 0xe714
[0]crcmatrix     : 0x1fd7
[0]crcstate      : 0x8e3a
[0]crcfinal      : 0xfcaf
Finished in 16864 ms.
==================================================
CoreMark Iterations/Sec 592
[1;34m[src/device/io/mmio.c:38,add_mmio_map] Add mmio map 'flash' at [0x0000000010000000, 0x00000000100fffff][0m
[1;34m[src/device/io/mmio.c:38,add_mmio_map] Add mmio map 'flash' at [0x0000000010000000, 0x00000000100fffff][0m
Hit good trap at pc = 0x80001d18, instrCnt = 3196836, cycleCnt = 1749519
ipc: 1.827266
Core start to reset at pc = 0x80001d18
Core reset complete
The image is /nfs/home/wujiabin/work/xs-env/nexus-am/apps/coremark/build/coremark-riscv64-xs.bin
Using simulated 8192MB RAM
NemuProxy using /nfs/home/wujiabin/work/xs-env/NEMU/build/riscv64-nemu-interpreter-so
The first instruction of core 0 has commited. Difftest enabled. 
DSE reset start at pc: 100001cc
ipc: 0.016621
instrCnt: 103 cycles: 6197
DSE reset finish at pc: 100001d0, reset vector: 80000000
The image is /nfs/home/wujiabin/work/xs-env/nexus-am/apps/coremark/build/coremark-riscv64-xs.bin
Using simulated 8192MB RAM
NemuProxy using /nfs/home/wujiabin/work/xs-env/NEMU/build/riscv64-nemu-interpreter-so
The first instruction of core 0 has commited. Difftest enabled. 
Running CoreMark for 10 iterations
2K performance run parameters for coremark.
CoreMark Size    : 666
Total time (ms)  : 16864
Iterations       : 10
Compiler version : GCC15.0.0 20240611 (experimental)
seedcrc          : 0xe9f5
[0]crclist       : 0xe714
[0]crcmatrix     : 0x1fd7
[0]crcstate      : 0x8e3a
[0]crcfinal      : 0xfcaf
Finished in 16864 ms.
==================================================
CoreMark Iterations/Sec 592
[1;34m[src/device/io/mmio.c:38,add_mmio_map] Add mmio map 'flash' at [0x0000000010000000, 0x00000000100fffff][0m
[1;34m[src/device/io/mmio.c:38,add_mmio_map] Add mmio map 'flash' at [0x0000000010000000, 0x00000000100fffff][0m
Hit good trap at pc = 0x80001d18, instrCnt = 3196836, cycleCnt = 1749519
ipc: 1.827266
Core start to reset at pc = 0x80001d18
Core reset complete
The image is /nfs/home/wujiabin/work/xs-env/nexus-am/apps/coremark/build/coremark-riscv64-xs.bin
Using simulated 8192MB RAM
NemuProxy using /nfs/home/wujiabin/work/xs-env/NEMU/build/riscv64-nemu-interpreter-so
The first instruction of core 0 has commited. Difftest enabled. 
DSE reset start at pc: 100001cc
ipc: 0.016591
instrCnt: 102 cycles: 6148
DSE reset finish at pc: 100001d0, reset vector: 80000000
The image is /nfs/home/wujiabin/work/xs-env/nexus-am/apps/coremark/build/coremark-riscv64-xs.bin
Using simulated 8192MB RAM
NemuProxy using /nfs/home/wujiabin/work/xs-env/NEMU/build/riscv64-nemu-interpreter-so
The first instruction of core 0 has commited. Difftest enabled. 
Running CoreMark for 10 iterations
2K performance run parameters for coremark.
CoreMark Size    : 666
Total time (ms)  : 16856
Iterations       : 10
Compiler version : GCC15.0.0 20240611 (experimental)
seedcrc          : 0xe9f5
[0]crclist       : 0xe714
[0]crcmatrix     : 0x1fd7
[0]crcstate      : 0x8e3a
[0]crcfinal   