[1;34m[src/device/io/mmio.c:38,add_mmio_map] Add mmio map 'flash' at [0x0000000010000000, 0x00000000100fffff][0m
[1;34m[src/device/io/mmio.c:38,add_mmio_map] Add mmio map 'flash' at [0x0000000010000000, 0x00000000100fffff][0m
Emu compiled at Nov 23 2024, 18:32:29
Using simulated 32768B flash
[info]use ./dse-driver/build/dse.bin as flash bin
reset dse complete
core reset complete
The image is /nfs/home/wujiabin/work/xs-env/nexus-am/apps/coremark/build/coremark-riscv64-xs.bin
Using simulated 8192MB RAM
NemuProxy using ./ready-to-run/riscv64-nemu-interpreter-so
The first instruction of core 0 has commited. Difftest enabled. 
DSE reset start at pc: 100001c8
ipc: 0.016688
instrCnt: 102 cycles: 6112
DSE reset finish at pc: 100001cc, reset vector: 80000000
The image is /nfs/home/wujiabin/work/xs-env/nexus-am/apps/coremark/build/coremark-riscv64-xs.bin
Using simulated 8192MB RAM
NemuProxy using ./ready-to-run/riscv64-nemu-interpreter-so
The first instruction of core 0 has commited. Difftest enabled. 
Running CoreMark for 10 iterations
2K performance run parameters for coremark.
CoreMark Size    : 666
Total time (ms)  : 17131
Iterations       : 10
Compiler version : GCC15.0.0 20240611 (experimental)
seedcrc          : 0xe9f5
[0]crclist       : 0xe714
[0]crcmatrix     : 0x1fd7
[0]crcstate      : 0x8e3a
[0]crcfinal      : 0xfcaf
Finished in 17131 ms.
==================================================
CoreMark Iterations/Sec 583
[1;34m[src/device/io/mmio.c:38,add_mmio_map] Add mmio map 'flash' at [0x0000000010000000, 0x00000000100fffff][0m
[1;34m[src/device/io/mmio.c:38,add_mmio_map] Add mmio map 'flash' at [0x0000000010000000, 0x00000000100fffff][0m
Hit good trap at pc = 0x80001d18, instrCnt = 3196836, cycleCnt = 1777015
ipc: 1.798992
Core start to reset at pc = 0x80001d18
Core reset complete
The image is /nfs/home/wujiabin/work/xs-env/nexus-am/apps/coremark/build/coremark-riscv64-xs.bin
Using simulated 8192MB RAM
NemuProxy using ./ready-to-run/riscv64-nemu-interpreter-so
The first instruction of core 0 has commited. Difftest enabled. 
DSE reset start at pc: 100001c8
ipc: 0.016916
instrCnt: 103 cycles: 6089
DSE reset finish at pc: 100001cc, reset vector: 80000000
The image is /nfs/home/wujiabin/work/xs-env/nexus-am/apps/coremark/build/coremark-riscv64-xs.bin
Using simulated 8192MB RAM
NemuProxy using ./ready-to-run/riscv64-nemu-interpreter-so
The first instruction of core 0 has commited. Difftest enabled. 
Running CoreMark for 10 iterations
2K performance run parameters for coremark.
CoreMark Size    : 666
Total time (ms)  : 17131
Iterations       : 10
Compiler version : GCC15.0.0 20240611 (experimental)
seedcrc          : 0xe9f5
[0]crclist       : 0xe714
[0]crcmatrix     : 0x1fd7
[0]crcstate      : 0x8e3a
[0]crcfinal      : 0xfcaf
Finished in 17131 ms.
==================================================
CoreMark Iterations/Sec 583
[1;34m[src/device/io/mmio.c:38,add_mmio_map] Add mmio map 'flash' at [0x0000000010000000, 0x00000000100fffff][0m
[1;34m[src/device/io/mmio.c:38,add_mmio_map] Add mmio map 'flash' at [0x0000000010000000, 0x00000000100fffff][0m
Hit good trap at pc = 0x80001d18, instrCnt = 3196836, cycleCnt = 1777015
ipc: 1.798992
Core start to reset at pc = 0x80001d18
Core reset complete
The image is /nfs/home/wujiabin/work/xs-env/nexus-am/apps/coremark/build/coremark-riscv64-xs.bin
Using simulated 8192MB RAM
NemuProxy using ./ready-to-run/riscv64-nemu-interpreter-so
The first instruction of core 0 has commited. Difftest enabled. 
DSE reset start at pc: 100001c8
ipc: 0.016688
instrCnt: 102 cycles: 6112
DSE reset finish at pc: 100001cc, reset vector: 80000000
The image is /nfs/home/wujiabin/work/xs-env/nexus-am/apps/coremark/build/coremark-riscv64-xs.bin
Using simulated 8192MB RAM
NemuProxy using ./ready-to-run/riscv64-nemu-interpreter-so
The first instruction of core 0 has commited. Difftest enabled. 
Running CoreMark for 10 iterations
2K performance run parameters for coremark.
CoreMark Size    : 666
Total time (ms)  : 17122
Iterations       : 10
Compiler version : GCC15.0.0 20240611 (experimental)
seedcrc          : 0xe9f5
[0]crclist       : 0xe714
[0]crcmatrix     : 0x1fd7
[0]crcstate      : 0x8e3a
[0]crcfinal      : 0xfcaf
Finished in 17122 ms.
==================================================
CoreMark Iterations/Sec 584
[1;34m[src/device/io/mmio.c:38,add_mmio_map] Add mmio map 'flash' at [0x0000000010000000, 0x00000000100fffff][0m
[1;34m[src/device/io/mmio.c:38,add_mmio_map] Add mmio map 'flash' at [0x0000000010000000, 0x00000000100fffff][0m
Hit good trap at pc = 0x80001d18, instrCnt = 3196836, cycleCnt = 1776112
ipc: 1.799907
Core start to reset at pc = 0x80001d18
Core reset complete
The image is /nfs/home/wujiabin/work/xs-env/nexus-am/apps/coremark/build/coremark-riscv64-xs.bin
Using simulated 8192MB RAM
NemuProxy using ./ready-to-run/riscv64-nemu-interpreter-so
The first instruction of core 0 has commited. Difftest enabled. 
DSE reset start at pc: 100001c8
ipc: 0.016916
instrCnt: 103 cycles: 6089
DSE reset finish at pc: 100001cc, reset vector: 80000000
The image is /nfs/home/wujiabin/work/xs-env/nexus-am/apps/coremark/build/coremark-riscv64-xs.bin
Using simulated 8192MB RAM
NemuProxy using ./ready-to-run/riscv64-nemu-interpreter-so
The first instruction of core 0 has commited. Difftest enabled. 
Running CoreMark for 10 iterations
2K performance run parameters for coremark.
CoreMark Size    : 666
Total time (ms)  : 17136
Iterations       : 10
Compiler version : GCC15.0.0 20240611 (experimental)
seedcrc          : 0xe9f5
[0]crclist       : 0xe714
[0]crcmatrix     : 0x1fd7
[0]crcstate      : 0x8e3a
[0]crcfinal      : 0xfcaf
Finished in 17136 ms.
==================================================
CoreMark Iterations/Sec 583
[1;34m[src/device/io/mmio.c:38,add_mmio_map] Add mmio map 'flash' at [0x0000000010000000, 0x00000000100fffff][0m
[1;34m[src/device/io/mmio.c:38,add_mmio_map] Add mmio map 'flash' at [0x0000000010000000, 0x00000000100fffff][0m
Hit good trap at pc = 0x80001d18, instrCnt = 3196836, cycleCnt = 1777194
ipc: 1.798811
Core start to reset at pc = 0x80001d18
Core reset complete
The image is /nfs/home/wujiabin/work/xs-env/nexus-am/apps/coremark/build/coremark-riscv64-xs.bin
Using simulated 8192MB RAM
NemuProxy using ./ready-to-run/riscv64-nemu-interpreter-so
The first instruction of core 0 has commited. Difftest enabled. 
DSE reset start at pc: 100001c8
ipc: 0.016688
instrCnt: 102 cycles: 6112
DSE reset finish at pc: 100001cc, reset vector: 80000000
The image is /nfs/home/wujiabin/work/xs-env/nexus-am/apps/coremark/build/coremark-riscv64-xs.bin
Using simulated 8192MB RAM
NemuProxy using ./ready-to-run/riscv64-nemu-interpreter-so
The first instruction of core 0 has commited. Difftest enabled. 
Running CoreMark for 10 iterations
2K performance run parameters for coremark.
CoreMark Size    : 666
Total time (ms)  : 18103
Iterations       : 10
Compiler version : GCC15.0.0 20240611 (experimental)
seedcrc          : 0xe9f5
[0]crclist       : 0xe714
[0]crcmatrix     : 0x1fd7
[0]crcstate      : 0x8e3a
[0]crcfinal      : 0xfcaf
Finished in 18103 ms.
==================================================
CoreMark Iterations/Sec 552
[1;34m[src/device/io/mmio.c:38,add_mmio_map] Add mmio map 'flash' at [0x0000000010000000, 0x00000000100fffff][0m
[1;34m[src/device/io/mmio.c:38,add_mmio_map] Add mmio map 'flash' at [0x0000000010000000, 0x00000000100fffff][0m
Hit good trap at pc = 0x80001d18, instrCnt = 3196836, cycleCnt = 1875226
ipc: 1.704774
Core start to reset at pc = 0x80001d18
Core reset complete
The image is /nfs/home/wujiabin/work/xs-env/nexus-am/apps/coremark/build/coremark-riscv64-xs.bin
Using simulated 8192MB RAM
NemuProxy using ./ready-to-run/riscv64-nemu-interpreter-so
The first instruction of core 0 has commited. Difftest enabled. 
DSE reset start at pc: 100001c8
ipc: 0.016916
instrCnt: 103 cycles: 6089
DSE reset finish at pc: 100001cc, reset vector: 80000000
The image is /nfs/home/wujiabin/work/xs-env/nexus-am/apps/coremark/build/coremark-riscv64-xs.bin
Using simulated 8192MB RAM
NemuProxy using ./ready-to-run/riscv64-nemu-interpreter-so
The first instruction of core 0 has commited. Difftest enabled. 
Running CoreMark for 10 iterations
2K performance run parameters for coremark.
CoreMark Size    : 666
Total time (ms)  : 17131
Iterations       : 10
Compiler version : GCC15.0.0 20240611 (experimental)
seedcrc          : 0xe9f5
[0]crclist       : 0xe714
[0]crcmatrix     : 0x1fd7
[0]crcstate      : 0x8e3a
[0]crcfinal      : 0xfcaf
Finished in 17131 ms.
==================================================
CoreMark Iterations/Sec 583
[1;34m[src/device/io/mmio.c:38,add_mmio_map] Add mmio map 'flash' at [0x0000000010000000, 0x00000000100fffff][0m
[1;34m[src/device/io/mmio.c:38,add_mmio_map] Add mmio map 'flash' at [0x0000000010000000, 0x00000000100fffff][0m
Hit good trap at pc = 0x80001d18, instrCnt = 3196836, cycleCnt = 1777015
ipc: 1.798992
Core start to reset at pc = 0x80001d18
Core reset complete
The image is /nfs/home/wujiabin/work/xs-env/nexus-am/apps/coremark/build/coremark-riscv64-xs.bin
Using simulated 8192MB RAM
NemuProxy using ./ready-to-run/riscv64-nemu-interpreter-so
The first instruction of core 0 has commited. Difftest enabled. 
DSE reset start at pc: 100001c8
ipc: 0.016688
instrCnt: 102 cycles: 6112
DSE reset finish at pc: 100001cc, reset vector: 80000000
The image is /nfs/home/wujiabin/work/xs-env/nexus-am/apps/coremark/build/coremark-riscv64-xs.bin
Using simulated 8192MB RAM
NemuProxy using ./ready-to-run/riscv64-nemu-interpreter-so
The first instruction of core 0 has commited. Difftest enabled. 
Running CoreMark for 10 iterations
2K performance run parameters for coremark.
CoreMark Size    : 666
Total time (ms)  : 17131
Iterations       : 10
Compiler version : GCC15.0.0 20240611 (experimental)
seedcrc          : 0xe9f5
[0]crclist       : 0xe714
[0]crcmatrix     : 0x1fd7
[0]crcstate      : 0x8e3a
[0]crcfinal      : 0xfcaf
Finished in 17131 ms.
==================================================
CoreMark Iterations/Sec 583
[1;34m[src/device/io/mmio.c:38,add_mmio_map] Add mmio map 'flash' at [0x0000000010000000, 0x00000000100fffff][0m
[1;34m[src/device/io/mmio.c:38,add_mmio_map] Add mmio map 'flash' at [0x0000000010000000, 0x00000000100fffff][0m
Hit good trap at pc = 0x80001d18, instrCnt = 3196836, cycleCnt = 1777015
ipc: 1.798992
Core start to reset at pc = 0x80001d18
Core reset complete
The image is /nfs/home/wujiabin/work/xs-env/nexus-am/apps/coremark/build/coremark-riscv64-xs.bin
Using simulated 8192MB RAM
NemuProxy using ./ready-to-run/riscv64-nemu-interpreter-so
The first instruction of core 0 has commited. Difftest enabled. 
DSE reset start at pc: 100001c8
ipc: 0.016916
instrCnt: 103 cycles: 6089
DSE reset finish at pc: 100001cc, reset vector: 80000000
The image is /nfs/home/wujiabin/work/xs-env/nexus-am/apps/coremark/build/coremark-riscv64-xs.bin
Using simulated 8192MB RAM
NemuProxy using ./ready-to-run/riscv64-nemu-interpreter-so
The first instruction of core 0 has commited. Difftest enabled. 
Running CoreMark for 10 iterations
2K performance run parameters for coremark.
CoreMark Size    : 666
Total time (ms)  : 17131
Iterations       : 10
Compiler version : GCC15.0.0 20240611 (experimental)
seedcrc          : 0xe9f5
[0]crclist       : 0xe714
[0]crcmatrix     : 0x1fd7
[0]crcstate      : 0x8e3a
[0]crcfinal      : 0xfcaf
Finished in 17131 ms.
==================================================
CoreMark Iterations/Sec 583
[1;34m[src/device/io/mmio.c:38,add_mmio_map] Add mmio map 'flash' at [0x0000000010000000, 0x00000000100fffff][0m
[1;34m[src/device/io/mmio.c:38,add_mmio_map] Add mmio map 'flash' at [0x0000000010000000, 0x00000000100fffff][0m
Hit good trap at pc = 0x80001d18, instrCnt = 3196836, cycleCnt = 1777015
ipc: 1.798992
Core start to reset at pc = 0x80001d18
Core reset complete
The image is /nfs/home/wujiabin/work/xs-env/nexus-am/apps/coremark/build/coremark-riscv64-xs.bin
Using simulated 8192MB RAM
NemuProxy using ./ready-to-run/riscv64-nemu-interpreter-so
The first instruction of core 0 has commited. Difftest enabled. 
DSE reset start at pc: 100001c8
ipc: 0.016688
instrCnt: 102 cycles: 6112
DSE reset finish at pc: 100001cc, reset vector: 80000000
The image is /nfs/home/wujiabin/work/xs-env/nexus-am/apps/coremark/build/coremark-riscv64-xs.bin
Using simulated 8192MB RAM
NemuProxy using ./ready-to-run/riscv64-nemu-interpreter-so
The first instruction of core 0 has commited. Difftest enabled. 
Running CoreMark for 10 iterations
2K performance run parameters for coremark.
CoreMark Size    : 666
Total time (ms)  : 17131
Iterations       : 10
Compiler version : GCC15.0.0 20240611 (experimental)
seedcrc          : 0xe9f5
[0]crclist       : 0xe714
[0]crcmatrix     : 0x1fd7
[0]crcstate      : 0x8e3a
[0]crcfinal      : 0xfcaf
Finished in 17131 ms.
==================================================
CoreMark Iterations/Sec 583
[1;34m[src/device/io/mmio.c:38,add_mmio_map] Add mmio map 'flash' at [0x0000000010000000, 0x00000000100fffff][0m
[1;34m[src/device/io/mmio.c:38,add_mmio_map] Add mmio map 'flash' at [0x0000000010000000, 0x00000000100fffff][0m
Hit good trap at pc = 0x80001d18, instrCnt = 3196836, cycleCnt = 1777015
ipc: 1.798992
Core start to reset at pc = 0x80001d18
Core reset complete
The image is /nfs/home/wujiabin/work/xs-env/nexus-am/apps/coremark/build/coremark-riscv64-xs.bin
Using simulated 8192MB RAM
NemuProxy using ./ready-to-run/riscv64-nemu-interpreter-so
The first instruction of core 0 has commited. Difftest enabled. 
DSE reset start at pc: 100001c8
ipc: 0.016916
instrCnt: 103 cycles: 6089
DSE reset finish at pc: 100001cc, reset vector: 80000000
The image is /nfs/home/wujiabin/work/xs-env/nexus-am/apps/coremark/build/coremark-riscv64-xs.bin
Using simulated 8192MB RAM
NemuProxy using ./ready-to-run/riscv64-nemu-interpreter-so
The first instruction of core 0 has commited. Difftest enabled. 
Running CoreMark for 10 iterations
2K performance run parameters for coremark.
CoreMark Size    : 666
Total time (ms)  : 17131
Iterations       : 10
Compiler version : GCC15.0.0 20240611 (experimental)
seedcrc          : 0xe9f5
[0]crclist       : 0xe714
[0]crcmatrix     : 0x1fd7
[0]crcstate      : 0x8e3a
[0]crcfinal      : 0xfcaf
Finished in 17131 ms.
==================================================
CoreMark Iterations/Sec 583
[1;34m[src/device/io/mmio.c:38,add_mmio_map] Add mmio map 'flash' at [0x0000000010000000, 0x00000000100fffff][0m
[1;34m[src/device/io/mmio.c:38,add_mmio_map] Add mmio map 'flash' at [0x0000000010000000, 0x00000000100fffff][0m
Hit good trap at pc = 0x80001d18, instrCnt = 3196836, cycleCnt = 1777015
ipc: 1.798992
Core start to reset at pc = 0x80001d18
Core reset complete
The image is /nfs/home/wujiabin/work/xs-env/nexus-am/apps/coremark/build/coremark-riscv64-xs.bin
Using simulated 8192MB RAM
NemuProxy using ./ready-to-run/riscv64-nemu-interpreter-so
The first instruction of core 0 has commited. Difftest enabled. 
DSE reset start at pc: 100001c8
ipc: 0.016688
instrCnt: 102 cycles: 6112
DSE reset finish at pc: 100001cc, reset vector: 80000000
The image is /nfs/home/wujiabin/work/xs-env/nexus-am/apps/coremark/build/coremark-riscv64-xs.bin
Using simulated 8192MB RAM
NemuProxy using ./ready-to-run/riscv64-nemu-interpreter-so
The first instruction of core 0 has commited. Difftest enabled. 
Running CoreMark for 10 iterations
2K performance run parameters for coremark.
CoreMark Size    : 666
Total time (ms)  : 17131
Iterations       : 10
Compiler version : GCC15.0.0 20240611 (experimental)
seedcrc          : 0xe9f5
[0]crclist       : 0xe714
[0]crcmatrix     : 0x1fd7
[0]crcstate      : 0x8e3a
[0]crcfinal      : 0xfcaf
Finished in 17131 ms.
==================================================
CoreMark Iterations/Sec 583
[1;34m[src/device/io/mmio.c:38,add_mmio_map] Add mmio map 'flash' at [0x0000000010000000, 0x00000000100fffff][0m
[1;34m[src/device/io/mmio.c:38,add_mmio_map] Add mmio map 'flash' at [0x0000000010000000, 0x00000000100fffff][0m
Hit good trap at pc = 0x80001d18, instrCnt = 3196836, cycleCnt = 1777015
ipc: 1.798992
Core start to reset at pc = 0x80001d18
Core reset complete
The image is /nfs/home/wujiabin/work/xs-env/nexus-am/apps/coremark/build/coremark-riscv64-xs.bin
Using simulated 8192MB RAM
NemuProxy using ./ready-to-run/riscv64-nemu-interpreter-so
The first instruction of core 0 has commited. Difftest enabled. 
DSE reset start at pc: 100001c8
ipc: 0.016916
instrCnt: 103 cycles: 6089
DSE reset finish at pc: 100001cc, reset vector: 80000000
The image is /nfs/home/wujiabin/work/xs-env/nexus-am/apps/coremark/build/coremark-riscv64-xs.bin
Using simulated 8192MB RAM
NemuProxy using ./ready-to-run/riscv64-nemu-interpreter-so
The first instruction of core 0 has commited. Difftest enabled. 
Running CoreMark for 10 iterations
2K performance run parameters for coremark.
CoreMark Size    : 666
Total time (ms)  : 17122
Iterations       : 10
Compiler version : GCC15.0.0 20240611 (experimental)
seedcrc          : 0xe9f5
[0]crclist       : 0xe714
[0]crcmatrix     : 0x1fd7
[0]crcstate      : 0x8e3a
[0]crcfinal      : 0xfcaf
Finished in 17122 ms.
==================================================
CoreMark Iterations/Sec 584
[1;34m[src/device/io/mmio.c:38,add_mmio_map] Add mmio map 'flash' at [0x0000000010000000, 0x00000000100fffff][0m
[1;34m[src/device/io/mmio.c:38,add_mmio_map] Add mmio map 'flash' at [0x0000000010000000, 0x00000000100fffff][0m
Hit good trap at pc = 0x80001d18, instrCnt = 3196836, cycleCnt = 1776112
ipc: 1.799907
Core start to reset at pc = 0x80001d18
Core reset complete
The image is /nfs/home/wujiabin/work/xs-env/nexus-am/apps/coremark/build/coremark-riscv64-xs.bin
Using simulated 8192MB RAM
NemuProxy using ./ready-to-run/riscv64-nemu-interpreter-so
The first instruction of core 0 has commited. Difftest enabled. 
DSE reset start at pc: 100001c8
ipc: 0.016688
instrCnt: 102 cycles: 6112
DSE reset finish at pc: 100001cc, reset vector: 80000000
The image is /nfs/home/wujiabin/work/xs-env/nexus-am/apps/coremark/build/coremark-riscv64-xs.bin
Using simulated 8192MB RAM
NemuProxy using ./ready-to-run/riscv64-nemu-interpreter-so
The first instruction of core 0 has commited. Difftest enabled. 
Running CoreMark for 10 iterations
2K performance run parameters for coremark.
CoreMark Size    : 666
Total time (ms)  : 17136
Iterations       : 10
Compiler version : GCC15.0.0 20240611 (experimental)
seedcrc          : 0xe9f5
[0]crclist       : 0xe714
[0]crcmatrix     : 0x1fd7
[0]crcstate      : 0x8e3a
[0]crcfinal      : 0xfcaf
Finished in 17136 ms.
==================================================
CoreMark Iterations/Sec 583
[1;34m[src/device/io/mmio.c:38,add_mmio_map] Add mmio map 'flash' at [0x0000000010000000, 0x00000000100fffff][0m
[1;34m[src/device/io/mmio.c:38,add_mmio_map] Add mmio map 'flash' at [0x0000000010000000, 0x00000000100fffff][0m
Hit good trap at pc = 0x80001d18, instrCnt = 3196836, cycleCnt = 1777194
ipc: 1.798811
Core start to reset at pc = 0x80001d18
Core reset complete
The image is /nfs/home/wujiabin/work/xs-env/nexus-am/apps/coremark/build/coremark-riscv64-xs.bin
Using simulated 8192MB RAM
NemuProxy using ./ready-to-run/riscv64-nemu-interpreter-so
The first instruction of core 0 has commited. Difftest enabled. 
DSE reset start at pc: 100001c8
ipc: 0.016916
instrCnt: 103 cycles: 6089
DSE reset finish at pc: 100001cc, reset vector: 80000000
The image is /nfs/home/wujiabin/work/xs-env/nexus-am/apps/coremark/build/coremark-riscv64-xs.bin
Using simulated 8192MB RAM
NemuProxy using ./ready-to-run/riscv64-nemu-interpreter-so
The first instruction of core 0 has commited. Difftest enabled. 
Running CoreMark for 10 iterations
2K performance run parameters for coremark.
CoreMark Size    : 666
Total time (ms)  : 18103
Iterations       : 10
Compiler version : GCC15.0.0 20240611 (experimental)
seedcrc          : 0xe9f5
[0]crclist       : 0xe714
[0]crcmatrix     : 0x1fd7
[0]crcstate      : 0x8e3a
[0]crcfinal      : 0xfcaf
Finished in 18103 ms.
==================================================
CoreMark Iterations/Sec 552
[1;34m[src/device/io/mmio.c:38,add_mmio_map] Add mmio map 'flash' at [0x0000000010000000, 0x00000000100fffff][0m
[1;34m[src/device/io/mmio.c:38,add_mmio_map] Add mmio map 'flash' at [0x0000000010000000, 0x00000000100fffff][0m
Hit good trap at pc = 0x80001d18, instrCnt = 3196836, cycleCnt = 1875226
ipc: 1.704774
Core start to reset at pc = 0x80001d18
Core reset complete
The image is /nfs/home/wujiabin/work/xs-env/nexus-am/apps/coremark/build/coremark-riscv64-xs.bin
Using simulated 8192MB RAM
NemuProxy using ./ready-to-run/riscv64-nemu-interpreter-so
The first instruction of core 0 has commited. Difftest enabled. 
DSE reset start at pc: 100001c8
ipc: 0.016688
instrCnt: 102 cycles: 6112
DSE reset finish at pc: 100001cc, reset vector: 80000000
The image is /nfs/home/wujiabin/work/xs-env/nexus-am/apps/coremark/build/coremark-riscv64-xs.bin
Using simulated 8192MB RAM
NemuProxy using ./ready-to-run/riscv64-nemu-interpreter-so
The first instruction of core 0 has commited. Difftest enabled. 
Running CoreMark for 10 iterations
2K performance run parameters for coremark.
CoreMark Size    : 666
Total time (ms)  : 17131
Iterations       : 10
Compiler version : GCC15.0.0 20240611 (experimental)
seedcrc          : 0xe9f5
[0]crclist       : 0xe714
[0]crcmatrix     : 0x1fd7
[0]crcstate      : 0x8e3a
[0]crcfinal      : 0xfcaf
Finished in 17131 ms.
==================================================
CoreMark Iterations/Sec 583
[1;34m[src/device/io/mmio.c:38,add_mmio_map] Add mmio map 'flash' at [0x0000000010000000, 0x00000000100fffff][0m
[1;34m[src/device/io/mmio.c:38,add_mmio_map] Add mmio map 'flash' at [0x0000000010000000, 0x00000000100fffff][0m
Hit good trap at pc = 0x80001d18, instrCnt = 3196836, cycleCnt = 1777015
ipc: 1.798992
Core start to reset at pc = 0x80001d18
Core reset complete
The image is /nfs/home/wujiabin/work/xs-env/nexus-am/apps/coremark/build/coremark-riscv64-xs.bin
Using simulated 8192MB RAM
NemuProxy using ./ready-to-run/riscv64-nemu-interpreter-so
The first instruction of core 0 has commited. Difftest enabled. 
DSE reset start at pc: 100001c8
ipc: 0.016916
instrCnt: 103 cycles: 6089
DSE reset finish at pc: 100001cc, reset vector: 80000000
The image is /nfs/home/wujiabin/work/xs-env/nexus-am/apps/coremark/build/coremark-riscv64-xs.bin
Using simulated 8192MB RAM
NemuProxy using ./ready-to-run/riscv64-nemu-interpreter-so
The first instruction of core 0 has commited. Difftest enabled. 
Running CoreMark for 10 iterations
2K performance run parameters for coremark.
CoreMark Size    : 666
Total time (ms)  : 17131
Iterations       : 10
Compiler version : GCC15.0.0 20240611 (experimental)
seedcrc          : 0xe9f5
[0]crclist       : 0xe714
[0]crcmatrix     : 0x1fd7
[0]crcstate      : 0x8e3a
[0]crcfinal      : 0xfcaf
Finished in 17131 ms.
==================================================
CoreMark Iterations/Sec 583
[1;34m[src/device/io/mmio.c:38,add_mmio_map] Add mmio map 'flash' at [0x0000000010000000, 0x00000000100fffff][0m
[1;34m[src/device/io/mmio.c:38,add_mmio_map] Add mmio map 'flash' at [0x0000000010000000, 0x00000000100fffff][0m
Hit good trap at pc = 0x80001d18, instrCnt = 3196836, cycleCnt = 1777015
ipc: 1.798992
Core start to reset at pc = 0x80001d18
Core reset complete
The image is /nfs/home/wujiabin/work/xs-env/nexus-am/apps/coremark/build/coremark-riscv64-xs.bin
Using simulated 8192MB RAM
NemuProxy using ./ready-to-run/riscv64-nemu-interpreter-so
The first instruction of core 0 has commited. Difftest enabled. 
DSE reset start at pc: 100001c8
ipc: 0.016688
instrCnt: 102 cycles: 6112
DSE reset finish at pc: 100001cc, reset vector: 80000000
The image is /nfs/home/wujiabin/work/xs-env/nexus-am/apps/coremark/build/coremark-riscv64-xs.bin
Using simulated 8192MB RAM
NemuProxy using ./ready-to-run/riscv64-nemu-interpreter-so
The first instruction of core 0 has commited. Difftest enabled. 
Running CoreMark for 10 iterations
2K performance run parameters for coremark.
CoreMark Size    : 666
Total time (ms)  : 17131
Iterations       : 10
Compiler version : GCC15.0.0 20240611 (experimental)
seedcrc          : 0xe9f5
[0]crclist       : 0xe714
[0]crcmatrix     : 0x1fd7
[0]crcstate      : 0x8e3a
[0]crcfinal      : 0xfcaf
Finished in 17131 ms.
==================================================
CoreMark Iterations/Sec 583
[1;34m[src/device/io/mmio.c:38,add_mmio_map] Add mmio map 'flash' at [0x0000000010000000, 0x00000000100fffff][0m
[1;34m[src/device/io/mmio.c:38,add_mmio_map] Add mmio map 'flash' at [0x0000000010000000, 0x00000000100fffff][0m
Hit good trap at pc = 0x80001d18, instrCnt = 3196836, cycleCnt = 1777015
ipc: 1.798992
Core start to reset at pc = 0x80001d18
Core reset complete
The image is /nfs/home/wujiabin/work/xs-env/nexus-am/apps/coremark/build/coremark-riscv64-xs.bin
Using simulated 8192MB RAM
NemuProxy using ./ready-to-run/riscv64-nemu-interpreter-so
The first instruction of core 0 has commited. Difftest enabled. 
DSE reset start at pc: 100001c8
ipc: 0.016916
instrCnt: 103 cycles: 6089
DSE reset finish at pc: 100001cc, reset vector: 80000000
The image is /nfs/home/wujiabin/work/xs-env/nexus-am/apps/coremark/build/coremark-riscv64-xs.bin
Using simulated 8192MB RAM
NemuProxy using ./ready-to-run/riscv64-nemu-interpreter-so
The first instruction of core 0 has commited. Difftest enabled. 
Running CoreMark for 10 iterations
2K performance run parameters for coremark.
CoreMark Size    : 666
Total time (ms)  : 17131
Iterations       : 10
Compiler version : GCC15.0.0 20240611 (experimental)
seedcrc          : 0xe9f5
[0]crclist       : 0xe714
[0]crcmatrix     : 0x1fd7
[0]crcstate      : 0x8e3a
[0]crcfinal      : 0xfcaf
Finished in 17131 ms.
==================================================
CoreMark Iterations/Sec 583
[1;34m[src/device/io/mmio.c:38,add_mmio_map] Add mmio map 'flash' at [0x0000000010000000, 0x00000000100fffff][0m
[1;34m[src/device/io/mmio.c:38,add_mmio_map] Add mmio map 'flash' at [0x0000000010000000, 0x00000000100fffff][0m
Hit good trap at pc = 0x80001d18, instrCnt = 3196836, cycleCnt = 1777015
ipc: 1.798992
Core start to reset at pc = 0x80001d18
Core reset complete
The image is /nfs/home/wujiabin/work/xs-env/nexus-am/apps/coremark/build/coremark-riscv64-xs.bin
Using simulated 8192MB RAM
NemuProxy using ./ready-to-run/riscv64-nemu-interpreter-so
The first instruction of core 0 has commited. Difftest enabled. 
DSE reset start at pc: 100001c8
ipc: 0.016688
instrCnt: 102 cycles: 6112
DSE reset finish at pc: 100001cc, reset vector: 80000000
The image is /nfs/home/wujiabin/work/xs-env/nexus-am/apps/coremark/build/coremark-riscv64-xs.bin
Using simulated 8192MB RAM
NemuProxy using ./ready-to-run/riscv64-nemu-interpreter-so
The first instruction of core 0 has commited. Difftest enabled. 
Running CoreMark for 10 iterations
2K performance run parameters for coremark.
CoreMark Size    : 666
Total time (ms)  : 17131
Iterations       : 10
Compiler version : GCC15.0.0 20240611 (experimental)
seedcrc          : 0xe9f5
[0]crclist       : 0xe714
[0]crcmatrix     : 0x1fd7
[0]crcstate      : 0x8e3a
[0]crcfinal      : 0xfcaf
Finished in 17131 ms.
==================================================
CoreMark Iterations/Sec 583
[1;34m[src/device/io/mmio.c:38,add_mmio_map] Add mmio map 'flash' at [0x0000000010000000, 0x00000000100fffff][0m
[1;34m[src/device/io/mmio.c:38,add_mmio_map] Add mmio map 'flash' at [0x0000000010000000, 0x00000000100fffff][0m
Hit good trap at pc = 0x80001d18, instrCnt = 3196836, cycleCnt = 1777015
ipc: 1.798992
Core start to reset at pc = 0x80001d18
Core reset complete
The image is /nfs/home/wujiabin/work/xs-env/nexus-am/apps/coremark/build/coremark-riscv64-xs.bin
Using simulated 8192MB RAM
NemuProxy using ./ready-to-run/riscv64-nemu-interpreter-so
The first instruction of core 0 has commited. Difftest enabled. 
DSE reset start at pc: 100001c8
ipc: 0.016916
instrCnt: 103 cycles: 6089
DSE reset finish at pc: 100001cc, reset vector: 80000000
The image is /nfs/home/wujiabin/work/xs-env/nexus-am/apps/coremark/build/coremark-riscv64-xs.bin
Using simulated 8192MB RAM
NemuProxy using ./ready-to-run/riscv64-nemu-interpreter-so
The first instruction of core 0 has commited. Difftest enabled. 
Running CoreMark for 10 iterations
2K performance run parameters for coremark.
CoreMark Size    : 666
Total time (ms)  : 17131
Iterations       : 10
Compiler version : GCC15.0.0 20240611 (experimental)
seedcrc          : 0xe9f5
[0]crclist       : 0xe714
[0]crcmatrix     : 0x1fd7
[0]crcstate      : 0x8e3a
[0]crcfinal      : 0xfcaf
Finished in 17131 ms.
==================================================
CoreMark Iterations/Sec 583
[1;34m[src/device/io/mmio.c:38,add_mmio_map] Add mmio map 'flash' at [0x0000000010000000, 0x00000000100fffff][0m
[1;34m[src/device/io/mmio.c:38,add_mmio_map] Add mmio map 'flash' at [0x0000000010000000, 0x00000000100fffff][0m
Hit good trap at pc = 0x80001d18, instrCnt = 3196836, cycleCnt = 1777015
ipc: 1.798992
Core start to reset at pc = 0x80001d18
Core reset complete
The image is /nfs/home/wujiabin/work/xs-env/nexus-am/apps/coremark/build/coremark-riscv64-xs.bin
Using simulated 8192MB RAM
NemuProxy using ./ready-to-run/riscv64-nemu-interpreter-so
The first instruction of core 0 has commited. Difftest enabled. 
DSE reset start at pc: 100001c8
ipc: 0.016688
instrCnt: 102 cycles: 6112
DSE reset finish at pc: 100001cc, reset vector: 80000000
The image is /nfs/home/wujiabin/work/xs-env/nexus-am/apps/coremark/build/coremark-riscv64-xs.bin
Using simulated 8192MB RAM
NemuProxy using ./ready-to-run/riscv64-nemu-interpreter-so
The first instruction of core 0 has commited. Difftest enabled. 
Running CoreMark for 10 iterations
2K performance run parameters for coremark.
CoreMark Size    : 666
Total time (ms)  : 17122
Iterations       : 10
Compiler version : GCC15.0.0 20240611 (experimental)
seedcrc          : 0xe9f5
[0]crclist       : 0xe714
[0]crcmatrix     : 0x1fd7
[0]crcstate      : 0x8e3a
[0]crcfinal      : 0xfcaf
Finished in 17122 ms.
==================================================
CoreMark Iterations/Sec 584
[1;34m[src/device/io/mmio.c:38,add_mmio_map] Add mmio map 'flash' at [0x0000000010000000, 0x00000000100fffff][0m
[1;34m[src/device/io/mmio.c:38,add_mmio_map] Add mmio map 'flash' at [0x0000000010000000, 0x00000000100fffff][0m
Hit good trap at pc = 0x80001d18, instrCnt = 3196836, cycleCnt = 1776112
ipc: 1.799907
Core start to reset at pc = 0x80001d18
Core reset complete
The image is /nfs/home/wujiabin/work/xs-env/nexus-am/apps/coremark/build/coremark-riscv64-xs.bin
Using simulated 8192MB RAM
NemuProxy using ./ready-to-run/riscv64-nemu-interpreter-so
The first instruction of core 0 has commited. Difftest enabled. 
DSE reset start at pc: 100001c8
ipc: 0.016916
instrCnt: 103 cycles: 6089
DSE reset finish at pc: 100001cc, reset vector: 80000000
The image is /nfs/home/wujiabin/work/xs-env/nexus-am/apps/coremark/build/coremark-riscv64-xs.bin
Using simulated 8192MB RAM
NemuProxy using ./ready-to-run/riscv64-nemu-interpreter-so
The first instruction of core 0 has commited. Difftest enabled. 
Running CoreMark for 10 iterations
2K performance run parameters for coremark.
CoreMark Size    : 666
Total time (ms)  : 17136
Iterations       : 10
Compiler version : GCC15.0.0 20240611 (experimental)
seedcrc          : 0xe9f5
[0]crclist       : 0xe714
[0]crcmatrix     : 0x1fd7
[0]crcstate      : 0x8e3a
[0]crcfinal      : 0xfcaf
Finished in 17136 ms.
==================================================
CoreMark Iterations/Sec 583
[1;34m[src/device/io/mmio.c:38,add_mmio_map] Add mmio map 'flash' at [0x0000000010000000, 0x00000000100fffff][0m
[1;34m[src/device/io/mmio.c:38,add_mmio_map] Add mmio map 'flash' at [0x0000000010000000, 0x00000000100fffff][0m
Hit good trap at pc = 0x80001d18, instrCnt = 3196836, cycleCnt = 1777194
ipc: 1.798811
Core start to reset at pc = 0x80001d18
Core reset complete
The image is /nfs/home/wujiabin/work/xs-env/nexus-am/apps/coremark/build/coremark-riscv64-xs.bin
Using simulated 8192MB RAM
NemuProxy using ./ready-to-run/riscv64-nemu-interpreter-so
The first instruction of core 0 has commited. Difftest enabled. 
DSE reset start at pc: 100001c8
ipc: 0.016688
instrCnt: 102 cycles: 6112
DSE reset finish at pc: 100001cc, reset vector: 80000000
The image is /nfs/home/wujiabin/work/xs-env/nexus-am/apps/coremark/build/coremark-riscv64-xs.bin
Using simulated 8192MB RAM
NemuProxy using ./ready-to-run/riscv64-nemu-interpreter-so
The first instruction of core 0 has commited. Difftest enabled. 
Running CoreMark for 10 iterations
2K performance run parameters for coremark.
CoreMark Size    : 666
Total time (ms)  : 18103
Iterations       : 10
Compiler version : GCC15.0.0 20240611 (experimental)
seedcrc          : 0xe9f5
[0]crclist       : 0xe714
[0]crcmatrix     : 0x1fd7
[0]crcstate      : 0x8e3a
[0]crcfinal      : 0xfcaf
Finished in 18103 ms.
==================================================
CoreMark Iterations/Sec 552
[1;34m[src/device/io/mmio.c:38,add_mmio_map] Add mmio map 'flash' at [0x0000000010000000, 0x00000000100fffff][0m
[1;34m[src/device/io/mmio.c:38,add_mmio_map] Add mmio map 'flash' at [0x0000000010000000, 0x00000000100fffff][0m
Hit good trap at pc = 0x80001d18, instrCnt = 3196836, cycleCnt = 1875226
ipc: 1.704774
Core start to reset at pc = 0x80001d18
Core reset complete
The image is /nfs/home/wujiabin/work/xs-env/nexus-am/apps/coremark/build/coremark-riscv64-xs.bin
Using simulated 8192MB RAM
NemuProxy using ./ready-to-run/riscv64-nemu-interpreter-so
The first instruction of core 0 has commited. Difftest enabled. 
DSE reset start at pc: 100001c8
ipc: 0.016916
instrCnt: 103 cycles: 6089
DSE reset finish at pc: 100001cc, reset vector: 80000000
The image is /nfs/home/wujiabin/work/xs-env/nexus-am/apps/coremark/build/coremark-riscv64-xs.bin
Using simulated 8192MB RAM
NemuProxy using ./ready-to-run/riscv64-nemu-interpreter-so
The first instruction of core 0 has commited. Difftest enabled. 
Running CoreMark for 10 iterations
2K performance run parameters for coremark.
CoreMark Size    : 666
Total time (ms)  : 17131
Iterations       : 10
Compiler version : GCC15.0.0 20240611 (experimental)
seedcrc          : 0xe9f5
[0]crclist       : 0xe714
[0]crcmatrix     : 0x1fd7
[0]crcstate      : 0x8e3a
[0]crcfinal      : 0xfcaf
Finished in 17131 ms.
==================================================
CoreMark Iterations/Sec 583
[1;34m[src/device/io/mmio.c:38,add_mmio_map] Add mmio map 'flash' at [0x0000000010000000, 0x00000000100fffff][0m
[1;34m[src/device/io/mmio.c:38,add_mmio_map] Add mmio map 'flash' at [0x0000000010000000, 0x00000000100fffff][0m
Hit good trap at pc = 0x80001d18, instrCnt = 3196836, cycleCnt = 1777015
ipc: 1.798992
Core start to reset at pc = 0x80001d18
Core reset complete
The image is /nfs/home/wujiabin/work/xs-env/nexus-am/apps/coremark/build/coremark-riscv64-xs.bin
Using simulated 8192MB RAM
NemuProxy using ./ready-to-run/riscv64-nemu-interpreter-so
The first instruction of core 0 has commited. Difftest enabled. 
DSE reset start at pc: 100001c8
ipc: 0.016688
instrCnt: 102 cycles: 6112
DSE reset finish at pc: 100001cc, reset vector: 80000000
The image is /nfs/home/wujiabin/work/xs-env/nexus-am/apps/coremark/build/coremark-riscv64-xs.bin
Using simulated 8192MB RAM
NemuProxy using ./ready-to-run/riscv64-nemu-interpreter-so
The first instruction of core 0 has commited. Difftest enabled. 
Running CoreMark for 10 iterations
2K performance run parameters for coremark.
CoreMark Size    : 666
Total time (ms)  : 17131
Iterations       : 10
Compiler version : GCC15.0.0 20240611 (experimental)
seedcrc          : 0xe9f5
[0]crclist       : 0xe714
[0]crcmatrix     : 0x1fd7
[0]crcstate      : 0x8e3a
[0]crcfinal      : 0xfcaf
Finished in 17131 ms.
==================================================
CoreMark Iterations/Sec 583
[1;34m[src/device/io/mmio.c:38,add_mmio_map] Add mmio map 'flash' at [0x0000000010000000, 0x00000000100fffff][0m
[1;34m[src/device/io/mmio.c:38,add_mmio_map] Add mmio map 'flash' at [0x0000000010000000, 0x00000000100fffff][0m
Hit good trap at pc = 0x80001d18, instrCnt = 3196836, cycleCnt = 1777015
ipc: 1.798992
Core start to reset at pc = 0x80001d18
Core reset complete
The image is /nfs/home/wujiabin/work/xs-env/nexus-am/apps/coremark/build/coremark-riscv64-xs.bin
Using simulated 8192MB RAM
NemuProxy using ./ready-to-run/riscv64-nemu-interpreter-so
The first instruction of core 0 has commited. Difftest enabled. 
DSE reset start at pc: 100001c8
ipc: 0.016916
instrCnt: 103 cycles: 6089
DSE reset finish at pc: 100001cc, reset vector: 80000000
The image is /nfs/home/wujiabin/work/xs-env/nexus-am/apps/coremark/build/coremark-riscv64-xs.bin
Using simulated 8192MB RAM
NemuProxy using ./ready-to-run/riscv64-nemu-interpreter-so
The first instruction of core 0 has commited. Difftest enabled. 
Running CoreMark for 10 iterations
2K performance run parameters for coremark.
CoreMark Size    : 666
Total time (ms)  : 17131
Iterations       : 10
Compiler version : GCC15.0.0 20240611 (experimental)
seedcrc          : 0xe9f5
[0]crclist       : 0xe714
[0]crcmatrix     : 0x1fd7
[0]crcstate      : 0x8e3a
[0]crcfinal      : 0xfcaf
Finished in 17131 ms.
==================================================
CoreMark Iterations/Sec 583
[1;34m[src/device/io/mmio.c:38,add_mmio_map] Add mmio map 'flash' at [0x0000000010000000, 0x00000000100fffff][0m
[1;34m[src/device/io/mmio.c:38,add_mmio_map] Add mmio map 'flash' at [0x0000000010000000, 0x00000000100fffff][0m
Hit good trap at pc = 0x80001d18, instrCnt = 3196836, cycleCnt = 1777015
ipc: 1.798992
Core start to reset at pc = 0x80001d18
Core reset complete
The image is /nfs/home/wujiabin/work/xs-env/nexus-am/apps/coremark/build/coremark-riscv64-xs.bin
Using simulated 8192MB RAM
NemuProxy using ./ready-to-run/riscv64-nemu-interpreter-so
The first instruction of core 0 has commited. Difftest enabled. 
DSE reset start at pc: 100001c8
ipc: 0.016688
instrCnt: 102 cycles: 6112
DSE reset finish at pc: 100001cc, reset vector: 80000000
The image is /nfs/home/wujiabin/work/xs-env/nexus-am/apps/coremark/build/coremark-riscv64-xs.bin
Using simulated 8192MB RAM
NemuProxy using ./ready-to-run/riscv64-nemu-interpreter-so
The first instruction of core 0 has commited. Difftest enabled. 
Running CoreMark for 10 iterations
2K performance run parameters for coremark.
CoreMark Size    : 666
Total time (ms)  : 17131
Iterations       : 10
Compiler version : GCC15.0.0 20240611 (experimental)
seedcrc          : 0xe9f5
[0]crclist       : 0xe714
[0]crcmatrix     : 0x1fd7
[0]crcstate      : 0x8e3a
[0]crcfinal      : 0xfcaf
Finished in 17131 ms.
==================================================
CoreMark Iterations/Sec 583
[1;34m[src/device/io/mmio.c:38,add_mmio_map] Add mmio map 'flash' at [0x0000000010000000, 0x00000000100fffff][0m
[1;34m[src/device/io/mmio.c:38,add_mmio_map] Add mmio map 'flash' at [0x0000000010000000, 0x00000000100fffff][0m
Hit good trap at pc = 0x80001d18, instrCnt = 3196836, cycleCnt = 1777015
ipc: 1.798992
Core start to reset at pc = 0x80001d18
Core reset complete
The image is /nfs/home/wujiabin/work/xs-env/nexus-am/apps/coremark/build/coremark-riscv64-xs.bin
Using simulated 8192MB RAM
NemuProxy using ./ready-to-run/riscv64-nemu-interpreter-so
The first instruction of core 0 has commited. Difftest enabled. 
DSE reset start at pc: 100001c8
ipc: 0.016916
instrCnt: 103 cycles: 6089
DSE reset finish at pc: 100001cc, reset vector: 80000000
The image is /nfs/home/wujiabin/work/xs-env/nexus-am/apps/coremark/build/coremark-riscv64-xs.bin
Using simulated 8192MB RAM
NemuProxy using ./ready-to-run/riscv64-nemu-interpreter-so
The first instruction of core 0 has commited. Difftest enabled. 
Running CoreMark for 10 iterations
2K performance run parameters for coremark.
CoreMark Size    : 666
Total time (ms)  : 17131
Iterations       : 10
Compiler version : GCC15.0.0 20240611 (experimental)
seedcrc          : 0xe9f5
[0]crclist       : 0xe714
[0]crcmatrix     : 0x1fd7
[0]crcstate      : 0x8e3a
[0]crcfinal      : 0xfcaf
Finished in 17131 ms.
==================================================
CoreMark Iterations/Sec 583
[1;34m[src/device/io/mmio.c:38,add_mmio_map] Add mmio map 'flash' at [0x0000000010000000, 0x00000000100fffff][0m
[1;34m[src/device/io/mmio.c:38,add_mmio_map] Add mmio map 'flash' at [0x0000000010000000, 0x00000000100fffff][0m
Hit good trap at pc = 0x80001d18, instrCnt = 3196836, cycleCnt = 1777015
ipc: 1.798992
Core start to reset at pc = 0x80001d18
Core reset complete
The image is /nfs/home/wujiabin/work/xs-env/nexus-am/apps/coremark/build/coremark-riscv64-xs.bin
Using simulated 8192MB RAM
NemuProxy using ./ready-to-run/riscv64-nemu-interpreter-so
The first instruction of core 0 has commited. Difftest enabled. 
DSE reset start at pc: 100001c8
ipc: 0.016688
instrCnt: 102 cycles: 6112
DSE reset finish at pc: 100001cc, reset vector: 80000000
The image is /nfs/home/wujiabin/work/xs-env/nexus-am/apps/coremark/build/coremark-riscv64-xs.bin
Using simulated 8192MB RAM
NemuProxy using ./ready-to-run/riscv64-nemu-interpreter-so
The first instruction of core 0 has commited. Difftest enabled. 
Running CoreMark for 10 iterations
2K performance run parameters for coremark.
CoreMark Size    : 666
Total time (ms)  : 17131
Iterations       : 10
Compiler version : GCC15.0.0 20240611 (experimental)
seedcrc          : 0xe9f5
[0]crclist       : 0xe714
[0]crcmatrix     : 0x1fd7
[0]crcstate      : 0x8e3a
[0]crcfinal      : 0xfcaf
Finished in 17131 ms.
==================================================
CoreMark Iterations/Sec 583
[1;34m[src/device/io/mmio.c:38,add_mmio_map] Add mmio map 'flash' at [0x0000000010000000, 0x00000000100fffff][0m
[1;34m[src/device/io/mmio.c:38,add_mmio_map] Add mmio map 'flash' at [0x0000000010000000, 0x00000000100fffff][0m
Hit good trap at pc = 0x80001d18, instrCnt = 3196836, cycleCnt = 1777015
ipc: 1.798992
Core start to reset at pc = 0x80001d18
Core reset complete
The image is /nfs/home/wujiabin/work/xs-env/nexus-am/apps/coremark/build/coremark-riscv64-xs.bin
Using simulated 8192MB RAM
NemuProxy using ./ready-to-run/riscv64-nemu-interpreter-so
The first instruction of core 0 has commited. Difftest enabled. 
DSE reset start at pc: 100001c8
ipc: 0.016916
instrCnt: 103 cycles: 6089
DSE reset finish at pc: 100001cc, reset vector: 80000000
The image is /nfs/home/wujiabin/work/xs-env/nexus-am/apps/coremark/build/coremark-riscv64-xs.bin
Using simulated 8192MB RAM
NemuProxy using ./ready-to-run/riscv64-nemu-interpreter-so
The first instruction of core 0 has commited. Difftest enabled. 
Running CoreMark for 10 iterations
2K performance run parameters for coremark.
CoreMark Size    : 666
Total time (ms)  : 17122
Iterations       : 10
Compiler version : GCC15.0.0 20240611 (experimental)
seedcrc          : 0xe9f5
[0]crclist       : 0xe714
[0]crcmatrix     : 0x1fd7
[0]crcstate      : 0x8e3a
[0]crcfinal      : 0xfcaf
Finished in 17122 ms.
==================================================
CoreMark Iterations/Sec 584
[1;34m[src/device/io/mmio.c:38,add_mmio_map] Add mmio map 'flash' at [0x0000000010000000, 0x00000000100fffff][0m
[1;34m[src/device/io/mmio.c:38,add_mmio_map] Add mmio map 'flash' at [0x0000000010000000, 0x00000000100fffff][0m
Hit good trap at pc = 0x80001d18, instrCnt = 3196836, cycleCnt = 1776112
ipc: 1.799907
Core start to reset at pc = 0x80001d18
Core reset complete
The image is /nfs/home/wujiabin/work/xs-env/nexus-am/apps/coremark/build/coremark-riscv64-xs.bin
Using simulated 8192MB RAM
NemuProxy using ./ready-to-run/riscv64-nemu-interpreter-so
The first instruction of core 0 has commited. Difftest enabled. 
DSE reset start at pc: 100001c8
ipc: 0.016688
instrCnt: 102 cycles: 6112
DSE reset finish at pc: 100001cc, reset vector: 80000000
The image is /nfs/home/wujiabin/work/xs-env/nexus-am/apps/coremark/build/coremark-riscv64-xs.bin
Using simulated 8192MB RAM
NemuProxy using ./ready-to-run/riscv64-nemu-interpreter-so
The first instruction of core 0 has commited. Difftest enabled. 
Running CoreMark for 10 iterations
2K performance run parameters for coremark.
CoreMark Size    : 666
Total time (ms)  : 17136
Iterations       : 10
Compiler version : GCC15.0.0 20240611 (experimental)
seedcrc          : 0xe9f5
[0]crclist       : 0xe714
[0]crcmatrix     : 0x1fd7
[0]crcstate      : 0x8e3a
[0]crcfinal      : 0xfcaf
Finished in 17136 ms.
==================================================
CoreMark Iterations/Sec 583
[1;34m[src/device/io/mmio.c:38,add_mmio_map] Add mmio map 'flash' at [0x0000000010000000, 0x00000000100fffff][0m
[1;34m[src/device/io/mmio.c:38,add_mmio_map] Add mmio map 'flash' at [0x0000000010000000, 0x00000000100fffff][0m
Hit good trap at pc = 0x80001d18, instrCnt = 3196836, cycleCnt = 1777194
ipc: 1.798811
Core start to reset at pc = 0x80001d18
Core reset complete
The image is /nfs/home/wujiabin/work/xs-env/nexus-am/apps/coremark/build/coremark-riscv64-xs.bin
Using simulated 8192MB RAM
NemuProxy using ./ready-to-run/riscv64-nemu-interpreter-so
The first instruction of core 0 has commited. Difftest enabled. 
DSE reset start at pc: 100001c8
ipc: 0.016916
instrCnt: 103 cycles: 6089
DSE reset finish at pc: 100001cc, reset vector: 80000000
The image is /nfs/home/wujiabin/work/xs-env/nexus-am/apps/coremark/build/coremark-riscv64-xs.bin
Using simulated 8192MB RAM
NemuProxy using ./ready-to-run/riscv64-nemu-interpreter-so
The first instruction of core 0 has commited. Difftest enabled. 
Running CoreMark for 10 iterations
